<annotation>
	<folder></folder>
	<filename>20210907_153931_x264_mp4-1766_jpg.rf.3cf12b1dbd7cd47176b34f98c3bfda73.jpg</filename>
	<path>20210907_153931_x264_mp4-1766_jpg.rf.3cf12b1dbd7cd47176b34f98c3bfda73.jpg</path>
	<source>
		<database>roboflow.com</database>
	</source>
	<size>
		<width>640</width>
		<height>640</height>
		<depth>3</depth>
	</size>
	<segmented>0</segmented>
	<object>
		<name>Weeds</name>
		<pose>Unspecified</pose>
		<truncated>0</truncated>
		<difficult>0</difficult>
		<occluded>0</occluded>
		<bndbox>
			<xmin>309</xmin>
			<xmax>416</xmax>
			<ymin>312</ymin>
			<ymax>373</ymax>
		</bndbox>
	</object>
</annotation>
