<annotation>
	<folder></folder>
	<filename>20210907_153931_x264_mp4-600_jpg.rf.2b6de78442e65b7917a302b3f50c1009.jpg</filename>
	<path>20210907_153931_x264_mp4-600_jpg.rf.2b6de78442e65b7917a302b3f50c1009.jpg</path>
	<source>
		<database>roboflow.com</database>
	</source>
	<size>
		<width>640</width>
		<height>640</height>
		<depth>3</depth>
	</size>
	<segmented>0</segmented>
	<object>
		<name>Weeds</name>
		<pose>Unspecified</pose>
		<truncated>0</truncated>
		<difficult>0</difficult>
		<occluded>0</occluded>
		<bndbox>
			<xmin>201</xmin>
			<xmax>318</xmax>
			<ymin>220</ymin>
			<ymax>306</ymax>
		</bndbox>
	</object>
	<object>
		<name>Weeds</name>
		<pose>Unspecified</pose>
		<truncated>0</truncated>
		<difficult>0</difficult>
		<occluded>0</occluded>
		<bndbox>
			<xmin>243</xmin>
			<xmax>446</xmax>
			<ymin>267</ymin>
			<ymax>389</ymax>
		</bndbox>
	</object>
</annotation>
