<annotation>
	<folder></folder>
	<filename>20210907_153931_x264_mp4-268_jpg.rf.3424cd782b76e7991a26aad7d7f333e4.jpg</filename>
	<path>20210907_153931_x264_mp4-268_jpg.rf.3424cd782b76e7991a26aad7d7f333e4.jpg</path>
	<source>
		<database>roboflow.com</database>
	</source>
	<size>
		<width>640</width>
		<height>640</height>
		<depth>3</depth>
	</size>
	<segmented>0</segmented>
	<object>
		<name>Weeds</name>
		<pose>Unspecified</pose>
		<truncated>0</truncated>
		<difficult>0</difficult>
		<occluded>0</occluded>
		<bndbox>
			<xmin>341</xmin>
			<xmax>452</xmax>
			<ymin>260</ymin>
			<ymax>407</ymax>
		</bndbox>
	</object>
</annotation>
