<annotation>
	<folder></folder>
	<filename>20210907_153931_x264_mp4-170_jpg.rf.05ed75ef5ffd91bf49cb12061fbe1aa3.jpg</filename>
	<path>20210907_153931_x264_mp4-170_jpg.rf.05ed75ef5ffd91bf49cb12061fbe1aa3.jpg</path>
	<source>
		<database>roboflow.com</database>
	</source>
	<size>
		<width>640</width>
		<height>640</height>
		<depth>3</depth>
	</size>
	<segmented>0</segmented>
	<object>
		<name>Weeds</name>
		<pose>Unspecified</pose>
		<truncated>0</truncated>
		<difficult>0</difficult>
		<occluded>0</occluded>
		<bndbox>
			<xmin>354</xmin>
			<xmax>500</xmax>
			<ymin>295</ymin>
			<ymax>409</ymax>
		</bndbox>
	</object>
</annotation>
