<annotation>
	<folder></folder>
	<filename>20210907_153931_x264_mp4-573_jpg.rf.fde446e51dc94b3599db3cdde4b54f18.jpg</filename>
	<path>20210907_153931_x264_mp4-573_jpg.rf.fde446e51dc94b3599db3cdde4b54f18.jpg</path>
	<source>
		<database>roboflow.com</database>
	</source>
	<size>
		<width>640</width>
		<height>640</height>
		<depth>3</depth>
	</size>
	<segmented>0</segmented>
	<object>
		<name>Weeds</name>
		<pose>Unspecified</pose>
		<truncated>0</truncated>
		<difficult>0</difficult>
		<occluded>0</occluded>
		<bndbox>
			<xmin>46</xmin>
			<xmax>163</xmax>
			<ymin>258</ymin>
			<ymax>356</ymax>
		</bndbox>
	</object>
	<object>
		<name>Weeds</name>
		<pose>Unspecified</pose>
		<truncated>0</truncated>
		<difficult>0</difficult>
		<occluded>0</occluded>
		<bndbox>
			<xmin>142</xmin>
			<xmax>358</xmax>
			<ymin>266</ymin>
			<ymax>377</ymax>
		</bndbox>
	</object>
</annotation>
