<annotation>
	<folder></folder>
	<filename>20210907_153931_x264_mp4-320_jpg.rf.7f3bd3c1506b6b5ee41f4b59bbe749b1.jpg</filename>
	<path>20210907_153931_x264_mp4-320_jpg.rf.7f3bd3c1506b6b5ee41f4b59bbe749b1.jpg</path>
	<source>
		<database>roboflow.com</database>
	</source>
	<size>
		<width>640</width>
		<height>640</height>
		<depth>3</depth>
	</size>
	<segmented>0</segmented>
	<object>
		<name>Weeds</name>
		<pose>Unspecified</pose>
		<truncated>0</truncated>
		<difficult>0</difficult>
		<occluded>0</occluded>
		<bndbox>
			<xmin>67</xmin>
			<xmax>541</xmax>
			<ymin>200</ymin>
			<ymax>577</ymax>
		</bndbox>
	</object>
</annotation>
