<annotation>
	<folder></folder>
	<filename>20210907_153931_x264_mp4-638_jpg.rf.df8c3d8881f78e9bfb4c8c31dd1ece04.jpg</filename>
	<path>20210907_153931_x264_mp4-638_jpg.rf.df8c3d8881f78e9bfb4c8c31dd1ece04.jpg</path>
	<source>
		<database>roboflow.com</database>
	</source>
	<size>
		<width>640</width>
		<height>640</height>
		<depth>3</depth>
	</size>
	<segmented>0</segmented>
	<object>
		<name>Weeds</name>
		<pose>Unspecified</pose>
		<truncated>0</truncated>
		<difficult>0</difficult>
		<occluded>0</occluded>
		<bndbox>
			<xmin>476</xmin>
			<xmax>581</xmax>
			<ymin>451</ymin>
			<ymax>537</ymax>
		</bndbox>
	</object>
	<object>
		<name>Weeds</name>
		<pose>Unspecified</pose>
		<truncated>0</truncated>
		<difficult>0</difficult>
		<occluded>0</occluded>
		<bndbox>
			<xmin>506</xmin>
			<xmax>640</xmax>
			<ymin>269</ymin>
			<ymax>386</ymax>
		</bndbox>
	</object>
	<object>
		<name>Weeds</name>
		<pose>Unspecified</pose>
		<truncated>0</truncated>
		<difficult>0</difficult>
		<occluded>0</occluded>
		<bndbox>
			<xmin>200</xmin>
			<xmax>344</xmax>
			<ymin>356</ymin>
			<ymax>509</ymax>
		</bndbox>
	</object>
</annotation>
