<annotation>
	<folder></folder>
	<filename>20210907_153931_x264_mp4-1379_jpg.rf.24edbc94b6fe17d01caad2e489af0f30.jpg</filename>
	<path>20210907_153931_x264_mp4-1379_jpg.rf.24edbc94b6fe17d01caad2e489af0f30.jpg</path>
	<source>
		<database>roboflow.com</database>
	</source>
	<size>
		<width>640</width>
		<height>640</height>
		<depth>3</depth>
	</size>
	<segmented>0</segmented>
	<object>
		<name>Weeds</name>
		<pose>Unspecified</pose>
		<truncated>0</truncated>
		<difficult>0</difficult>
		<occluded>0</occluded>
		<bndbox>
			<xmin>147</xmin>
			<xmax>209</xmax>
			<ymin>1</ymin>
			<ymax>35</ymax>
		</bndbox>
	</object>
	<object>
		<name>Weeds</name>
		<pose>Unspecified</pose>
		<truncated>0</truncated>
		<difficult>0</difficult>
		<occluded>0</occluded>
		<bndbox>
			<xmin>290</xmin>
			<xmax>369</xmax>
			<ymin>295</ymin>
			<ymax>367</ymax>
		</bndbox>
	</object>
</annotation>
