<annotation>
	<folder></folder>
	<filename>20210907_153931_x264_mp4-1221_jpg.rf.51df9b1acca7c77ca965692b8dcb39f7.jpg</filename>
	<path>20210907_153931_x264_mp4-1221_jpg.rf.51df9b1acca7c77ca965692b8dcb39f7.jpg</path>
	<source>
		<database>roboflow.com</database>
	</source>
	<size>
		<width>640</width>
		<height>640</height>
		<depth>3</depth>
	</size>
	<segmented>0</segmented>
	<object>
		<name>Weeds</name>
		<pose>Unspecified</pose>
		<truncated>0</truncated>
		<difficult>0</difficult>
		<occluded>0</occluded>
		<bndbox>
			<xmin>80</xmin>
			<xmax>457</xmax>
			<ymin>103</ymin>
			<ymax>430</ymax>
		</bndbox>
	</object>
</annotation>
