<annotation>
	<folder></folder>
	<filename>20210907_153931_x264_mp4-118_jpg.rf.6739aa8f3380c07a3cd18c356710705f.jpg</filename>
	<path>20210907_153931_x264_mp4-118_jpg.rf.6739aa8f3380c07a3cd18c356710705f.jpg</path>
	<source>
		<database>roboflow.com</database>
	</source>
	<size>
		<width>640</width>
		<height>640</height>
		<depth>3</depth>
	</size>
	<segmented>0</segmented>
	<object>
		<name>Weeds</name>
		<pose>Unspecified</pose>
		<truncated>0</truncated>
		<difficult>0</difficult>
		<occluded>0</occluded>
		<bndbox>
			<xmin>243</xmin>
			<xmax>360</xmax>
			<ymin>283</ymin>
			<ymax>384</ymax>
		</bndbox>
	</object>
</annotation>
