<annotation>
	<folder></folder>
	<filename>20210907_153931_x264_mp4-482_jpg.rf.a249deb196cd5d78bcce6cbdc643edd7.jpg</filename>
	<path>20210907_153931_x264_mp4-482_jpg.rf.a249deb196cd5d78bcce6cbdc643edd7.jpg</path>
	<source>
		<database>roboflow.com</database>
	</source>
	<size>
		<width>640</width>
		<height>640</height>
		<depth>3</depth>
	</size>
	<segmented>0</segmented>
	<object>
		<name>Weeds</name>
		<pose>Unspecified</pose>
		<truncated>0</truncated>
		<difficult>0</difficult>
		<occluded>0</occluded>
		<bndbox>
			<xmin>490</xmin>
			<xmax>558</xmax>
			<ymin>18</ymin>
			<ymax>90</ymax>
		</bndbox>
	</object>
	<object>
		<name>Weeds</name>
		<pose>Unspecified</pose>
		<truncated>0</truncated>
		<difficult>0</difficult>
		<occluded>0</occluded>
		<bndbox>
			<xmin>257</xmin>
			<xmax>383</xmax>
			<ymin>250</ymin>
			<ymax>401</ymax>
		</bndbox>
	</object>
</annotation>
