<annotation>
	<folder></folder>
	<filename>20210907_153931_x264_mp4-671_jpg.rf.1b64d1c7c02f5f8e1522c2680f2b91f7.jpg</filename>
	<path>20210907_153931_x264_mp4-671_jpg.rf.1b64d1c7c02f5f8e1522c2680f2b91f7.jpg</path>
	<source>
		<database>roboflow.com</database>
	</source>
	<size>
		<width>640</width>
		<height>640</height>
		<depth>3</depth>
	</size>
	<segmented>0</segmented>
	<object>
		<name>Weeds</name>
		<pose>Unspecified</pose>
		<truncated>0</truncated>
		<difficult>0</difficult>
		<occluded>0</occluded>
		<bndbox>
			<xmin>572</xmin>
			<xmax>639</xmax>
			<ymin>494</ymin>
			<ymax>577</ymax>
		</bndbox>
	</object>
	<object>
		<name>Weeds</name>
		<pose>Unspecified</pose>
		<truncated>0</truncated>
		<difficult>0</difficult>
		<occluded>0</occluded>
		<bndbox>
			<xmin>393</xmin>
			<xmax>498</xmax>
			<ymin>224</ymin>
			<ymax>273</ymax>
		</bndbox>
	</object>
	<object>
		<name>Weeds</name>
		<pose>Unspecified</pose>
		<truncated>0</truncated>
		<difficult>0</difficult>
		<occluded>0</occluded>
		<bndbox>
			<xmin>316</xmin>
			<xmax>381</xmax>
			<ymin>353</ymin>
			<ymax>406</ymax>
		</bndbox>
	</object>
	<object>
		<name>Weeds</name>
		<pose>Unspecified</pose>
		<truncated>0</truncated>
		<difficult>0</difficult>
		<occluded>0</occluded>
		<bndbox>
			<xmin>206</xmin>
			<xmax>300</xmax>
			<ymin>361</ymin>
			<ymax>446</ymax>
		</bndbox>
	</object>
</annotation>
