<annotation>
	<folder></folder>
	<filename>20210907_153931_x264_mp4-878_jpg.rf.83bb701f6576bdf9302167b00cdda9e2.jpg</filename>
	<path>20210907_153931_x264_mp4-878_jpg.rf.83bb701f6576bdf9302167b00cdda9e2.jpg</path>
	<source>
		<database>roboflow.com</database>
	</source>
	<size>
		<width>640</width>
		<height>640</height>
		<depth>3</depth>
	</size>
	<segmented>0</segmented>
	<object>
		<name>Weeds</name>
		<pose>Unspecified</pose>
		<truncated>0</truncated>
		<difficult>0</difficult>
		<occluded>0</occluded>
		<bndbox>
			<xmin>1</xmin>
			<xmax>561</xmax>
			<ymin>193</ymin>
			<ymax>547</ymax>
		</bndbox>
	</object>
</annotation>
