<annotation>
	<folder></folder>
	<filename>20210907_153931_x264_mp4-595_jpg.rf.4cf994b69401564e7ec419f0f0394cb7.jpg</filename>
	<path>20210907_153931_x264_mp4-595_jpg.rf.4cf994b69401564e7ec419f0f0394cb7.jpg</path>
	<source>
		<database>roboflow.com</database>
	</source>
	<size>
		<width>640</width>
		<height>640</height>
		<depth>3</depth>
	</size>
	<segmented>0</segmented>
	<object>
		<name>Weeds</name>
		<pose>Unspecified</pose>
		<truncated>0</truncated>
		<difficult>0</difficult>
		<occluded>0</occluded>
		<bndbox>
			<xmin>151</xmin>
			<xmax>320</xmax>
			<ymin>117</ymin>
			<ymax>223</ymax>
		</bndbox>
	</object>
	<object>
		<name>Weeds</name>
		<pose>Unspecified</pose>
		<truncated>0</truncated>
		<difficult>0</difficult>
		<occluded>0</occluded>
		<bndbox>
			<xmin>223</xmin>
			<xmax>500</xmax>
			<ymin>177</ymin>
			<ymax>331</ymax>
		</bndbox>
	</object>
</annotation>
