<annotation>
	<folder></folder>
	<filename>20210907_153931_x264_mp4-215_jpg.rf.620bd7fee7d8958b5e594c4a52b6b770.jpg</filename>
	<path>20210907_153931_x264_mp4-215_jpg.rf.620bd7fee7d8958b5e594c4a52b6b770.jpg</path>
	<source>
		<database>roboflow.com</database>
	</source>
	<size>
		<width>640</width>
		<height>640</height>
		<depth>3</depth>
	</size>
	<segmented>0</segmented>
	<object>
		<name>Weeds</name>
		<pose>Unspecified</pose>
		<truncated>0</truncated>
		<difficult>0</difficult>
		<occluded>0</occluded>
		<bndbox>
			<xmin>241</xmin>
			<xmax>403</xmax>
			<ymin>84</ymin>
			<ymax>175</ymax>
		</bndbox>
	</object>
	<object>
		<name>Weeds</name>
		<pose>Unspecified</pose>
		<truncated>0</truncated>
		<difficult>0</difficult>
		<occluded>0</occluded>
		<bndbox>
			<xmin>101</xmin>
			<xmax>479</xmax>
			<ymin>111</ymin>
			<ymax>497</ymax>
		</bndbox>
	</object>
	<object>
		<name>Weeds</name>
		<pose>Unspecified</pose>
		<truncated>0</truncated>
		<difficult>0</difficult>
		<occluded>0</occluded>
		<bndbox>
			<xmin>529</xmin>
			<xmax>603</xmax>
			<ymin>287</ymin>
			<ymax>403</ymax>
		</bndbox>
	</object>
</annotation>
