<annotation>
	<folder></folder>
	<filename>20210907_153931_x264_mp4-795_jpg.rf.9f1502341aa0ee412fb866cfbc01ed9c.jpg</filename>
	<path>20210907_153931_x264_mp4-795_jpg.rf.9f1502341aa0ee412fb866cfbc01ed9c.jpg</path>
	<source>
		<database>roboflow.com</database>
	</source>
	<size>
		<width>640</width>
		<height>640</height>
		<depth>3</depth>
	</size>
	<segmented>0</segmented>
	<object>
		<name>Weeds</name>
		<pose>Unspecified</pose>
		<truncated>0</truncated>
		<difficult>0</difficult>
		<occluded>0</occluded>
		<bndbox>
			<xmin>201</xmin>
			<xmax>446</xmax>
			<ymin>67</ymin>
			<ymax>215</ymax>
		</bndbox>
	</object>
	<object>
		<name>Weeds</name>
		<pose>Unspecified</pose>
		<truncated>0</truncated>
		<difficult>0</difficult>
		<occluded>0</occluded>
		<bndbox>
			<xmin>43</xmin>
			<xmax>309</xmax>
			<ymin>138</ymin>
			<ymax>441</ymax>
		</bndbox>
	</object>
</annotation>
