<annotation>
	<folder></folder>
	<filename>20210907_153931_x264_mp4-1731_jpg.rf.27c05e36e4ad34ed6acee38d8c844597.jpg</filename>
	<path>20210907_153931_x264_mp4-1731_jpg.rf.27c05e36e4ad34ed6acee38d8c844597.jpg</path>
	<source>
		<database>roboflow.com</database>
	</source>
	<size>
		<width>640</width>
		<height>640</height>
		<depth>3</depth>
	</size>
	<segmented>0</segmented>
	<object>
		<name>Weeds</name>
		<pose>Unspecified</pose>
		<truncated>0</truncated>
		<difficult>0</difficult>
		<occluded>0</occluded>
		<bndbox>
			<xmin>183</xmin>
			<xmax>341</xmax>
			<ymin>469</ymin>
			<ymax>596</ymax>
		</bndbox>
	</object>
</annotation>
