<annotation>
	<folder></folder>
	<filename>20210907_153931_x264_mp4-1503_jpg.rf.fb3c85357f3bbb3875588ea7ba74b1b9.jpg</filename>
	<path>20210907_153931_x264_mp4-1503_jpg.rf.fb3c85357f3bbb3875588ea7ba74b1b9.jpg</path>
	<source>
		<database>roboflow.com</database>
	</source>
	<size>
		<width>640</width>
		<height>640</height>
		<depth>3</depth>
	</size>
	<segmented>0</segmented>
	<object>
		<name>Weeds</name>
		<pose>Unspecified</pose>
		<truncated>0</truncated>
		<difficult>0</difficult>
		<occluded>0</occluded>
		<bndbox>
			<xmin>264</xmin>
			<xmax>363</xmax>
			<ymin>183</ymin>
			<ymax>309</ymax>
		</bndbox>
	</object>
	<object>
		<name>Weeds</name>
		<pose>Unspecified</pose>
		<truncated>0</truncated>
		<difficult>0</difficult>
		<occluded>0</occluded>
		<bndbox>
			<xmin>144</xmin>
			<xmax>289</xmax>
			<ymin>198</ymin>
			<ymax>319</ymax>
		</bndbox>
	</object>
	<object>
		<name>Weeds</name>
		<pose>Unspecified</pose>
		<truncated>0</truncated>
		<difficult>0</difficult>
		<occluded>0</occluded>
		<bndbox>
			<xmin>372</xmin>
			<xmax>639</xmax>
			<ymin>126</ymin>
			<ymax>440</ymax>
		</bndbox>
	</object>
	<object>
		<name>Weeds</name>
		<pose>Unspecified</pose>
		<truncated>0</truncated>
		<difficult>0</difficult>
		<occluded>0</occluded>
		<bndbox>
			<xmin>1</xmin>
			<xmax>241</xmax>
			<ymin>250</ymin>
			<ymax>507</ymax>
		</bndbox>
	</object>
</annotation>
