<annotation>
	<folder></folder>
	<filename>20210907_153931_x264_mp4-620_jpg.rf.21f447a208051b594d84b01700175c5b.jpg</filename>
	<path>20210907_153931_x264_mp4-620_jpg.rf.21f447a208051b594d84b01700175c5b.jpg</path>
	<source>
		<database>roboflow.com</database>
	</source>
	<size>
		<width>640</width>
		<height>640</height>
		<depth>3</depth>
	</size>
	<segmented>0</segmented>
	<object>
		<name>Weeds</name>
		<pose>Unspecified</pose>
		<truncated>0</truncated>
		<difficult>0</difficult>
		<occluded>0</occluded>
		<bndbox>
			<xmin>364</xmin>
			<xmax>478</xmax>
			<ymin>399</ymin>
			<ymax>501</ymax>
		</bndbox>
	</object>
	<object>
		<name>Weeds</name>
		<pose>Unspecified</pose>
		<truncated>0</truncated>
		<difficult>0</difficult>
		<occluded>0</occluded>
		<bndbox>
			<xmin>526</xmin>
			<xmax>558</xmax>
			<ymin>500</ymin>
			<ymax>540</ymax>
		</bndbox>
	</object>
	<object>
		<name>Weeds</name>
		<pose>Unspecified</pose>
		<truncated>0</truncated>
		<difficult>0</difficult>
		<occluded>0</occluded>
		<bndbox>
			<xmin>173</xmin>
			<xmax>332</xmax>
			<ymin>133</ymin>
			<ymax>281</ymax>
		</bndbox>
	</object>
	<object>
		<name>Weeds</name>
		<pose>Unspecified</pose>
		<truncated>0</truncated>
		<difficult>0</difficult>
		<occluded>0</occluded>
		<bndbox>
			<xmin>537</xmin>
			<xmax>640</xmax>
			<ymin>289</ymin>
			<ymax>436</ymax>
		</bndbox>
	</object>
</annotation>
