<annotation>
	<folder></folder>
	<filename>20210907_153931_x264_mp4-843_jpg.rf.9df1841ee9fc16b753b1fa283fc42a09.jpg</filename>
	<path>20210907_153931_x264_mp4-843_jpg.rf.9df1841ee9fc16b753b1fa283fc42a09.jpg</path>
	<source>
		<database>roboflow.com</database>
	</source>
	<size>
		<width>640</width>
		<height>640</height>
		<depth>3</depth>
	</size>
	<segmented>0</segmented>
	<object>
		<name>Weeds</name>
		<pose>Unspecified</pose>
		<truncated>0</truncated>
		<difficult>0</difficult>
		<occluded>0</occluded>
		<bndbox>
			<xmin>241</xmin>
			<xmax>355</xmax>
			<ymin>535</ymin>
			<ymax>633</ymax>
		</bndbox>
	</object>
	<object>
		<name>Weeds</name>
		<pose>Unspecified</pose>
		<truncated>0</truncated>
		<difficult>0</difficult>
		<occluded>0</occluded>
		<bndbox>
			<xmin>92</xmin>
			<xmax>172</xmax>
			<ymin>572</ymin>
			<ymax>639</ymax>
		</bndbox>
	</object>
	<object>
		<name>Weeds</name>
		<pose>Unspecified</pose>
		<truncated>0</truncated>
		<difficult>0</difficult>
		<occluded>0</occluded>
		<bndbox>
			<xmin>503</xmin>
			<xmax>570</xmax>
			<ymin>249</ymin>
			<ymax>327</ymax>
		</bndbox>
	</object>
	<object>
		<name>Weeds</name>
		<pose>Unspecified</pose>
		<truncated>0</truncated>
		<difficult>0</difficult>
		<occluded>0</occluded>
		<bndbox>
			<xmin>116</xmin>
			<xmax>512</xmax>
			<ymin>155</ymin>
			<ymax>510</ymax>
		</bndbox>
	</object>
</annotation>
