<annotation>
	<folder></folder>
	<filename>20210907_153931_x264_mp4-382_jpg.rf.5699cb946cfc5d44509b6f529c8b0bb8.jpg</filename>
	<path>20210907_153931_x264_mp4-382_jpg.rf.5699cb946cfc5d44509b6f529c8b0bb8.jpg</path>
	<source>
		<database>roboflow.com</database>
	</source>
	<size>
		<width>640</width>
		<height>640</height>
		<depth>3</depth>
	</size>
	<segmented>0</segmented>
	<object>
		<name>Weeds</name>
		<pose>Unspecified</pose>
		<truncated>0</truncated>
		<difficult>0</difficult>
		<occluded>0</occluded>
		<bndbox>
			<xmin>158</xmin>
			<xmax>466</xmax>
			<ymin>193</ymin>
			<ymax>447</ymax>
		</bndbox>
	</object>
</annotation>
