<annotation>
	<folder></folder>
	<filename>20210907_153931_x264_mp4-261_jpg.rf.d5bbc295ef42d6148c299a0bd380e65b.jpg</filename>
	<path>20210907_153931_x264_mp4-261_jpg.rf.d5bbc295ef42d6148c299a0bd380e65b.jpg</path>
	<source>
		<database>roboflow.com</database>
	</source>
	<size>
		<width>640</width>
		<height>640</height>
		<depth>3</depth>
	</size>
	<segmented>0</segmented>
	<object>
		<name>Weeds</name>
		<pose>Unspecified</pose>
		<truncated>0</truncated>
		<difficult>0</difficult>
		<occluded>0</occluded>
		<bndbox>
			<xmin>163</xmin>
			<xmax>266</xmax>
			<ymin>543</ymin>
			<ymax>640</ymax>
		</bndbox>
	</object>
	<object>
		<name>Weeds</name>
		<pose>Unspecified</pose>
		<truncated>0</truncated>
		<difficult>0</difficult>
		<occluded>0</occluded>
		<bndbox>
			<xmin>327</xmin>
			<xmax>386</xmax>
			<ymin>246</ymin>
			<ymax>313</ymax>
		</bndbox>
	</object>
</annotation>
