<annotation>
	<folder></folder>
	<filename>20210907_153931_x264_mp4-1753_jpg.rf.2d28c3bfa6e6a563d7390997f7f5a028.jpg</filename>
	<path>20210907_153931_x264_mp4-1753_jpg.rf.2d28c3bfa6e6a563d7390997f7f5a028.jpg</path>
	<source>
		<database>roboflow.com</database>
	</source>
	<size>
		<width>640</width>
		<height>640</height>
		<depth>3</depth>
	</size>
	<segmented>0</segmented>
	<object>
		<name>Weeds</name>
		<pose>Unspecified</pose>
		<truncated>0</truncated>
		<difficult>0</difficult>
		<occluded>0</occluded>
		<bndbox>
			<xmin>256</xmin>
			<xmax>384</xmax>
			<ymin>280</ymin>
			<ymax>391</ymax>
		</bndbox>
	</object>
</annotation>
