<annotation>
	<folder></folder>
	<filename>20210907_153931_x264_mp4-1090_jpg.rf.5efbf2f4565f15be690437b938c73889.jpg</filename>
	<path>20210907_153931_x264_mp4-1090_jpg.rf.5efbf2f4565f15be690437b938c73889.jpg</path>
	<source>
		<database>roboflow.com</database>
	</source>
	<size>
		<width>640</width>
		<height>640</height>
		<depth>3</depth>
	</size>
	<segmented>0</segmented>
	<object>
		<name>Weeds</name>
		<pose>Unspecified</pose>
		<truncated>0</truncated>
		<difficult>0</difficult>
		<occluded>0</occluded>
		<bndbox>
			<xmin>247</xmin>
			<xmax>449</xmax>
			<ymin>218</ymin>
			<ymax>410</ymax>
		</bndbox>
	</object>
</annotation>
