<annotation>
	<folder></folder>
	<filename>20210907_153931_x264_mp4-1723_jpg.rf.7747b8c13563d990233e21a96d00409a.jpg</filename>
	<path>20210907_153931_x264_mp4-1723_jpg.rf.7747b8c13563d990233e21a96d00409a.jpg</path>
	<source>
		<database>roboflow.com</database>
	</source>
	<size>
		<width>640</width>
		<height>640</height>
		<depth>3</depth>
	</size>
	<segmented>0</segmented>
	<object>
		<name>Weeds</name>
		<pose>Unspecified</pose>
		<truncated>0</truncated>
		<difficult>0</difficult>
		<occluded>0</occluded>
		<bndbox>
			<xmin>227</xmin>
			<xmax>367</xmax>
			<ymin>309</ymin>
			<ymax>427</ymax>
		</bndbox>
	</object>
</annotation>
