<annotation>
	<folder></folder>
	<filename>20210907_153931_x264_mp4-1846_jpg.rf.5b8418ebfe486b15f0cee103b1a9de43.jpg</filename>
	<path>20210907_153931_x264_mp4-1846_jpg.rf.5b8418ebfe486b15f0cee103b1a9de43.jpg</path>
	<source>
		<database>roboflow.com</database>
	</source>
	<size>
		<width>640</width>
		<height>640</height>
		<depth>3</depth>
	</size>
	<segmented>0</segmented>
	<object>
		<name>Weeds</name>
		<pose>Unspecified</pose>
		<truncated>0</truncated>
		<difficult>0</difficult>
		<occluded>0</occluded>
		<bndbox>
			<xmin>132</xmin>
			<xmax>418</xmax>
			<ymin>178</ymin>
			<ymax>456</ymax>
		</bndbox>
	</object>
</annotation>
