<annotation>
	<folder></folder>
	<filename>20210907_153931_x264_mp4-1111_jpg.rf.7a2ed81d7ec271c25aeeced0031e8351.jpg</filename>
	<path>20210907_153931_x264_mp4-1111_jpg.rf.7a2ed81d7ec271c25aeeced0031e8351.jpg</path>
	<source>
		<database>roboflow.com</database>
	</source>
	<size>
		<width>640</width>
		<height>640</height>
		<depth>3</depth>
	</size>
	<segmented>0</segmented>
	<object>
		<name>Weeds</name>
		<pose>Unspecified</pose>
		<truncated>0</truncated>
		<difficult>0</difficult>
		<occluded>0</occluded>
		<bndbox>
			<xmin>340</xmin>
			<xmax>527</xmax>
			<ymin>187</ymin>
			<ymax>409</ymax>
		</bndbox>
	</object>
	<object>
		<name>Weeds</name>
		<pose>Unspecified</pose>
		<truncated>0</truncated>
		<difficult>0</difficult>
		<occluded>0</occluded>
		<bndbox>
			<xmin>224</xmin>
			<xmax>486</xmax>
			<ymin>290</ymin>
			<ymax>563</ymax>
		</bndbox>
	</object>
</annotation>
