<annotation>
	<folder></folder>
	<filename>20210907_153931_x264_mp4-211_jpg.rf.9cfa35f60e1d867b76a02827b2542950.jpg</filename>
	<path>20210907_153931_x264_mp4-211_jpg.rf.9cfa35f60e1d867b76a02827b2542950.jpg</path>
	<source>
		<database>roboflow.com</database>
	</source>
	<size>
		<width>640</width>
		<height>640</height>
		<depth>3</depth>
	</size>
	<segmented>0</segmented>
	<object>
		<name>Weeds</name>
		<pose>Unspecified</pose>
		<truncated>0</truncated>
		<difficult>0</difficult>
		<occluded>0</occluded>
		<bndbox>
			<xmin>324</xmin>
			<xmax>481</xmax>
			<ymin>147</ymin>
			<ymax>218</ymax>
		</bndbox>
	</object>
	<object>
		<name>Weeds</name>
		<pose>Unspecified</pose>
		<truncated>0</truncated>
		<difficult>0</difficult>
		<occluded>0</occluded>
		<bndbox>
			<xmin>107</xmin>
			<xmax>461</xmax>
			<ymin>110</ymin>
			<ymax>489</ymax>
		</bndbox>
	</object>
	<object>
		<name>Weeds</name>
		<pose>Unspecified</pose>
		<truncated>0</truncated>
		<difficult>0</difficult>
		<occluded>0</occluded>
		<bndbox>
			<xmin>503</xmin>
			<xmax>590</xmax>
			<ymin>378</ymin>
			<ymax>493</ymax>
		</bndbox>
	</object>
</annotation>
