<annotation>
	<folder></folder>
	<filename>20210907_153931_x264_mp4-1172_jpg.rf.f39abd89dd99fac65b87be7148f6d3bb.jpg</filename>
	<path>20210907_153931_x264_mp4-1172_jpg.rf.f39abd89dd99fac65b87be7148f6d3bb.jpg</path>
	<source>
		<database>roboflow.com</database>
	</source>
	<size>
		<width>640</width>
		<height>640</height>
		<depth>3</depth>
	</size>
	<segmented>0</segmented>
	<object>
		<name>Weeds</name>
		<pose>Unspecified</pose>
		<truncated>0</truncated>
		<difficult>0</difficult>
		<occluded>0</occluded>
		<bndbox>
			<xmin>1</xmin>
			<xmax>143</xmax>
			<ymin>149</ymin>
			<ymax>344</ymax>
		</bndbox>
	</object>
	<object>
		<name>Weeds</name>
		<pose>Unspecified</pose>
		<truncated>0</truncated>
		<difficult>0</difficult>
		<occluded>0</occluded>
		<bndbox>
			<xmin>340</xmin>
			<xmax>454</xmax>
			<ymin>254</ymin>
			<ymax>383</ymax>
		</bndbox>
	</object>
	<object>
		<name>Weeds</name>
		<pose>Unspecified</pose>
		<truncated>0</truncated>
		<difficult>0</difficult>
		<occluded>0</occluded>
		<bndbox>
			<xmin>260</xmin>
			<xmax>383</xmax>
			<ymin>267</ymin>
			<ymax>389</ymax>
		</bndbox>
	</object>
</annotation>
