<annotation>
	<folder></folder>
	<filename>20210907_153931_x264_mp4-204_jpg.rf.e3933133f62ff008bb7660bf31ffbbed.jpg</filename>
	<path>20210907_153931_x264_mp4-204_jpg.rf.e3933133f62ff008bb7660bf31ffbbed.jpg</path>
	<source>
		<database>roboflow.com</database>
	</source>
	<size>
		<width>640</width>
		<height>640</height>
		<depth>3</depth>
	</size>
	<segmented>0</segmented>
	<object>
		<name>Weeds</name>
		<pose>Unspecified</pose>
		<truncated>0</truncated>
		<difficult>0</difficult>
		<occluded>0</occluded>
		<bndbox>
			<xmin>329</xmin>
			<xmax>447</xmax>
			<ymin>481</ymin>
			<ymax>575</ymax>
		</bndbox>
	</object>
	<object>
		<name>Weeds</name>
		<pose>Unspecified</pose>
		<truncated>0</truncated>
		<difficult>0</difficult>
		<occluded>0</occluded>
		<bndbox>
			<xmin>379</xmin>
			<xmax>501</xmax>
			<ymin>230</ymin>
			<ymax>324</ymax>
		</bndbox>
	</object>
	<object>
		<name>Weeds</name>
		<pose>Unspecified</pose>
		<truncated>0</truncated>
		<difficult>0</difficult>
		<occluded>0</occluded>
		<bndbox>
			<xmin>75</xmin>
			<xmax>372</xmax>
			<ymin>170</ymin>
			<ymax>486</ymax>
		</bndbox>
	</object>
</annotation>
