<annotation>
	<folder></folder>
	<filename>20210907_153931_x264_mp4-563_jpg.rf.fd4b423e5603d64396c9a0f063f13c12.jpg</filename>
	<path>20210907_153931_x264_mp4-563_jpg.rf.fd4b423e5603d64396c9a0f063f13c12.jpg</path>
	<source>
		<database>roboflow.com</database>
	</source>
	<size>
		<width>640</width>
		<height>640</height>
		<depth>3</depth>
	</size>
	<segmented>0</segmented>
	<object>
		<name>Weeds</name>
		<pose>Unspecified</pose>
		<truncated>0</truncated>
		<difficult>0</difficult>
		<occluded>0</occluded>
		<bndbox>
			<xmin>376</xmin>
			<xmax>512</xmax>
			<ymin>241</ymin>
			<ymax>413</ymax>
		</bndbox>
	</object>
	<object>
		<name>Weeds</name>
		<pose>Unspecified</pose>
		<truncated>0</truncated>
		<difficult>0</difficult>
		<occluded>0</occluded>
		<bndbox>
			<xmin>303</xmin>
			<xmax>407</xmax>
			<ymin>333</ymin>
			<ymax>458</ymax>
		</bndbox>
	</object>
</annotation>
