<annotation>
	<folder></folder>
	<filename>20210907_153931_x264_mp4-553_jpg.rf.1fc6489672b5617b95dd776b75e9c234.jpg</filename>
	<path>20210907_153931_x264_mp4-553_jpg.rf.1fc6489672b5617b95dd776b75e9c234.jpg</path>
	<source>
		<database>roboflow.com</database>
	</source>
	<size>
		<width>640</width>
		<height>640</height>
		<depth>3</depth>
	</size>
	<segmented>0</segmented>
	<object>
		<name>Weeds</name>
		<pose>Unspecified</pose>
		<truncated>0</truncated>
		<difficult>0</difficult>
		<occluded>0</occluded>
		<bndbox>
			<xmin>321</xmin>
			<xmax>478</xmax>
			<ymin>152</ymin>
			<ymax>355</ymax>
		</bndbox>
	</object>
	<object>
		<name>Weeds</name>
		<pose>Unspecified</pose>
		<truncated>0</truncated>
		<difficult>0</difficult>
		<occluded>0</occluded>
		<bndbox>
			<xmin>334</xmin>
			<xmax>463</xmax>
			<ymin>326</ymin>
			<ymax>453</ymax>
		</bndbox>
	</object>
</annotation>
