<annotation>
	<folder></folder>
	<filename>20210907_153931_x264_mp4-1843_jpg.rf.3d998f1bb09ebd4c86a5bc9117fb0214.jpg</filename>
	<path>20210907_153931_x264_mp4-1843_jpg.rf.3d998f1bb09ebd4c86a5bc9117fb0214.jpg</path>
	<source>
		<database>roboflow.com</database>
	</source>
	<size>
		<width>640</width>
		<height>640</height>
		<depth>3</depth>
	</size>
	<segmented>0</segmented>
	<object>
		<name>Weeds</name>
		<pose>Unspecified</pose>
		<truncated>0</truncated>
		<difficult>0</difficult>
		<occluded>0</occluded>
		<bndbox>
			<xmin>9</xmin>
			<xmax>330</xmax>
			<ymin>86</ymin>
			<ymax>400</ymax>
		</bndbox>
	</object>
</annotation>
