<annotation>
	<folder></folder>
	<filename>20210907_153931_x264_mp4-1465_jpg.rf.0d6081398f6c37d1a1dcc68c5d71b0a4.jpg</filename>
	<path>20210907_153931_x264_mp4-1465_jpg.rf.0d6081398f6c37d1a1dcc68c5d71b0a4.jpg</path>
	<source>
		<database>roboflow.com</database>
	</source>
	<size>
		<width>640</width>
		<height>640</height>
		<depth>3</depth>
	</size>
	<segmented>0</segmented>
	<object>
		<name>Weeds</name>
		<pose>Unspecified</pose>
		<truncated>0</truncated>
		<difficult>0</difficult>
		<occluded>0</occluded>
		<bndbox>
			<xmin>6</xmin>
			<xmax>640</xmax>
			<ymin>4</ymin>
			<ymax>640</ymax>
		</bndbox>
	</object>
</annotation>
