<annotation>
	<folder></folder>
	<filename>20210907_153931_x264_mp4-93_jpg.rf.d99537e0fb15f7ce48ba21d4216bb310.jpg</filename>
	<path>20210907_153931_x264_mp4-93_jpg.rf.d99537e0fb15f7ce48ba21d4216bb310.jpg</path>
	<source>
		<database>roboflow.com</database>
	</source>
	<size>
		<width>640</width>
		<height>640</height>
		<depth>3</depth>
	</size>
	<segmented>0</segmented>
	<object>
		<name>Weeds</name>
		<pose>Unspecified</pose>
		<truncated>0</truncated>
		<difficult>0</difficult>
		<occluded>0</occluded>
		<bndbox>
			<xmin>333</xmin>
			<xmax>492</xmax>
			<ymin>152</ymin>
			<ymax>312</ymax>
		</bndbox>
	</object>
</annotation>
