<annotation>
	<folder></folder>
	<filename>20210907_153931_x264_mp4-1507_jpg.rf.5532400e08a365a17efebcbbd62a14d9.jpg</filename>
	<path>20210907_153931_x264_mp4-1507_jpg.rf.5532400e08a365a17efebcbbd62a14d9.jpg</path>
	<source>
		<database>roboflow.com</database>
	</source>
	<size>
		<width>640</width>
		<height>640</height>
		<depth>3</depth>
	</size>
	<segmented>0</segmented>
	<object>
		<name>Weeds</name>
		<pose>Unspecified</pose>
		<truncated>0</truncated>
		<difficult>0</difficult>
		<occluded>0</occluded>
		<bndbox>
			<xmin>1</xmin>
			<xmax>104</xmax>
			<ymin>210</ymin>
			<ymax>387</ymax>
		</bndbox>
	</object>
	<object>
		<name>Weeds</name>
		<pose>Unspecified</pose>
		<truncated>0</truncated>
		<difficult>0</difficult>
		<occluded>0</occluded>
		<bndbox>
			<xmin>106</xmin>
			<xmax>524</xmax>
			<ymin>127</ymin>
			<ymax>558</ymax>
		</bndbox>
	</object>
</annotation>
