<annotation>
	<folder></folder>
	<filename>20210907_153931_x264_mp4-1001_jpg.rf.1df082df0f61dd54f11d18178b63be58.jpg</filename>
	<path>20210907_153931_x264_mp4-1001_jpg.rf.1df082df0f61dd54f11d18178b63be58.jpg</path>
	<source>
		<database>roboflow.com</database>
	</source>
	<size>
		<width>640</width>
		<height>640</height>
		<depth>3</depth>
	</size>
	<segmented>0</segmented>
	<object>
		<name>Weeds</name>
		<pose>Unspecified</pose>
		<truncated>0</truncated>
		<difficult>0</difficult>
		<occluded>0</occluded>
		<bndbox>
			<xmin>219</xmin>
			<xmax>452</xmax>
			<ymin>180</ymin>
			<ymax>404</ymax>
		</bndbox>
	</object>
	<object>
		<name>Weeds</name>
		<pose>Unspecified</pose>
		<truncated>0</truncated>
		<difficult>0</difficult>
		<occluded>0</occluded>
		<bndbox>
			<xmin>475</xmin>
			<xmax>622</xmax>
			<ymin>227</ymin>
			<ymax>418</ymax>
		</bndbox>
	</object>
</annotation>
