<annotation>
	<folder></folder>
	<filename>20210907_153931_x264_mp4-1474_jpg.rf.5bbff8f5833144e1ed600207a572b332.jpg</filename>
	<path>20210907_153931_x264_mp4-1474_jpg.rf.5bbff8f5833144e1ed600207a572b332.jpg</path>
	<source>
		<database>roboflow.com</database>
	</source>
	<size>
		<width>640</width>
		<height>640</height>
		<depth>3</depth>
	</size>
	<segmented>0</segmented>
	<object>
		<name>Weeds</name>
		<pose>Unspecified</pose>
		<truncated>0</truncated>
		<difficult>0</difficult>
		<occluded>0</occluded>
		<bndbox>
			<xmin>1</xmin>
			<xmax>501</xmax>
			<ymin>312</ymin>
			<ymax>639</ymax>
		</bndbox>
	</object>
	<object>
		<name>Weeds</name>
		<pose>Unspecified</pose>
		<truncated>0</truncated>
		<difficult>0</difficult>
		<occluded>0</occluded>
		<bndbox>
			<xmin>487</xmin>
			<xmax>638</xmax>
			<ymin>300</ymin>
			<ymax>397</ymax>
		</bndbox>
	</object>
	<object>
		<name>Weeds</name>
		<pose>Unspecified</pose>
		<truncated>0</truncated>
		<difficult>0</difficult>
		<occluded>0</occluded>
		<bndbox>
			<xmin>138</xmin>
			<xmax>426</xmax>
			<ymin>229</ymin>
			<ymax>504</ymax>
		</bndbox>
	</object>
	<object>
		<name>Weeds</name>
		<pose>Unspecified</pose>
		<truncated>0</truncated>
		<difficult>0</difficult>
		<occluded>0</occluded>
		<bndbox>
			<xmin>444</xmin>
			<xmax>635</xmax>
			<ymin>324</ymin>
			<ymax>463</ymax>
		</bndbox>
	</object>
</annotation>
