<annotation>
	<folder></folder>
	<filename>20210907_153931_x264_mp4-1226_jpg.rf.87ce339e94384157b358fab9d1055753.jpg</filename>
	<path>20210907_153931_x264_mp4-1226_jpg.rf.87ce339e94384157b358fab9d1055753.jpg</path>
	<source>
		<database>roboflow.com</database>
	</source>
	<size>
		<width>640</width>
		<height>640</height>
		<depth>3</depth>
	</size>
	<segmented>0</segmented>
	<object>
		<name>Weeds</name>
		<pose>Unspecified</pose>
		<truncated>0</truncated>
		<difficult>0</difficult>
		<occluded>0</occluded>
		<bndbox>
			<xmin>138</xmin>
			<xmax>509</xmax>
			<ymin>12</ymin>
			<ymax>321</ymax>
		</bndbox>
	</object>
</annotation>
