<annotation>
	<folder></folder>
	<filename>20210907_153931_x264_mp4-1509_jpg.rf.84dc9cf761e9b006c242d53b29507f58.jpg</filename>
	<path>20210907_153931_x264_mp4-1509_jpg.rf.84dc9cf761e9b006c242d53b29507f58.jpg</path>
	<source>
		<database>roboflow.com</database>
	</source>
	<size>
		<width>640</width>
		<height>640</height>
		<depth>3</depth>
	</size>
	<segmented>0</segmented>
	<object>
		<name>Weeds</name>
		<pose>Unspecified</pose>
		<truncated>0</truncated>
		<difficult>0</difficult>
		<occluded>0</occluded>
		<bndbox>
			<xmin>1</xmin>
			<xmax>90</xmax>
			<ymin>197</ymin>
			<ymax>391</ymax>
		</bndbox>
	</object>
	<object>
		<name>Weeds</name>
		<pose>Unspecified</pose>
		<truncated>0</truncated>
		<difficult>0</difficult>
		<occluded>0</occluded>
		<bndbox>
			<xmin>90</xmin>
			<xmax>521</xmax>
			<ymin>110</ymin>
			<ymax>584</ymax>
		</bndbox>
	</object>
</annotation>
