<annotation>
	<folder></folder>
	<filename>20210907_153931_x264_mp4-1447_jpg.rf.23e643ad1b4a05b4711540824f2764df.jpg</filename>
	<path>20210907_153931_x264_mp4-1447_jpg.rf.23e643ad1b4a05b4711540824f2764df.jpg</path>
	<source>
		<database>roboflow.com</database>
	</source>
	<size>
		<width>640</width>
		<height>640</height>
		<depth>3</depth>
	</size>
	<segmented>0</segmented>
	<object>
		<name>Weeds</name>
		<pose>Unspecified</pose>
		<truncated>0</truncated>
		<difficult>0</difficult>
		<occluded>0</occluded>
		<bndbox>
			<xmin>33</xmin>
			<xmax>229</xmax>
			<ymin>143</ymin>
			<ymax>324</ymax>
		</bndbox>
	</object>
	<object>
		<name>Weeds</name>
		<pose>Unspecified</pose>
		<truncated>0</truncated>
		<difficult>0</difficult>
		<occluded>0</occluded>
		<bndbox>
			<xmin>318</xmin>
			<xmax>510</xmax>
			<ymin>147</ymin>
			<ymax>343</ymax>
		</bndbox>
	</object>
	<object>
		<name>Weeds</name>
		<pose>Unspecified</pose>
		<truncated>0</truncated>
		<difficult>0</difficult>
		<occluded>0</occluded>
		<bndbox>
			<xmin>521</xmin>
			<xmax>639</xmax>
			<ymin>221</ymin>
			<ymax>324</ymax>
		</bndbox>
	</object>
	<object>
		<name>Weeds</name>
		<pose>Unspecified</pose>
		<truncated>0</truncated>
		<difficult>0</difficult>
		<occluded>0</occluded>
		<bndbox>
			<xmin>164</xmin>
			<xmax>555</xmax>
			<ymin>204</ymin>
			<ymax>538</ymax>
		</bndbox>
	</object>
</annotation>
