<annotation>
	<folder></folder>
	<filename>20210907_153931_x264_mp4-1328_jpg.rf.fe9cd539a7768b2e2afdc73f84a93e36.jpg</filename>
	<path>20210907_153931_x264_mp4-1328_jpg.rf.fe9cd539a7768b2e2afdc73f84a93e36.jpg</path>
	<source>
		<database>roboflow.com</database>
	</source>
	<size>
		<width>640</width>
		<height>640</height>
		<depth>3</depth>
	</size>
	<segmented>0</segmented>
	<object>
		<name>Weeds</name>
		<pose>Unspecified</pose>
		<truncated>0</truncated>
		<difficult>0</difficult>
		<occluded>0</occluded>
		<bndbox>
			<xmin>172</xmin>
			<xmax>546</xmax>
			<ymin>70</ymin>
			<ymax>515</ymax>
		</bndbox>
	</object>
</annotation>
