<annotation>
	<folder></folder>
	<filename>20210907_153931_x264_mp4-1350_jpg.rf.7337d08b66dd9071e81b4a0ccca2f5e6.jpg</filename>
	<path>20210907_153931_x264_mp4-1350_jpg.rf.7337d08b66dd9071e81b4a0ccca2f5e6.jpg</path>
	<source>
		<database>roboflow.com</database>
	</source>
	<size>
		<width>640</width>
		<height>640</height>
		<depth>3</depth>
	</size>
	<segmented>0</segmented>
	<object>
		<name>Weeds</name>
		<pose>Unspecified</pose>
		<truncated>0</truncated>
		<difficult>0</difficult>
		<occluded>0</occluded>
		<bndbox>
			<xmin>106</xmin>
			<xmax>589</xmax>
			<ymin>66</ymin>
			<ymax>521</ymax>
		</bndbox>
	</object>
</annotation>
