<annotation>
	<folder></folder>
	<filename>20210907_153931_x264_mp4-766_jpg.rf.d7b679e0a6d30f93792fedc57dde7911.jpg</filename>
	<path>20210907_153931_x264_mp4-766_jpg.rf.d7b679e0a6d30f93792fedc57dde7911.jpg</path>
	<source>
		<database>roboflow.com</database>
	</source>
	<size>
		<width>640</width>
		<height>640</height>
		<depth>3</depth>
	</size>
	<segmented>0</segmented>
	<object>
		<name>Weeds</name>
		<pose>Unspecified</pose>
		<truncated>0</truncated>
		<difficult>0</difficult>
		<occluded>0</occluded>
		<bndbox>
			<xmin>162</xmin>
			<xmax>298</xmax>
			<ymin>18</ymin>
			<ymax>164</ymax>
		</bndbox>
	</object>
	<object>
		<name>Weeds</name>
		<pose>Unspecified</pose>
		<truncated>0</truncated>
		<difficult>0</difficult>
		<occluded>0</occluded>
		<bndbox>
			<xmin>418</xmin>
			<xmax>532</xmax>
			<ymin>281</ymin>
			<ymax>359</ymax>
		</bndbox>
	</object>
	<object>
		<name>Weeds</name>
		<pose>Unspecified</pose>
		<truncated>0</truncated>
		<difficult>0</difficult>
		<occluded>0</occluded>
		<bndbox>
			<xmin>186</xmin>
			<xmax>306</xmax>
			<ymin>281</ymin>
			<ymax>398</ymax>
		</bndbox>
	</object>
	<object>
		<name>Weeds</name>
		<pose>Unspecified</pose>
		<truncated>0</truncated>
		<difficult>0</difficult>
		<occluded>0</occluded>
		<bndbox>
			<xmin>338</xmin>
			<xmax>464</xmax>
			<ymin>324</ymin>
			<ymax>475</ymax>
		</bndbox>
	</object>
</annotation>
