<annotation>
	<folder></folder>
	<filename>20210907_153931_x264_mp4-1343_jpg.rf.a1909db1d08083a3423414a5b275e0cf.jpg</filename>
	<path>20210907_153931_x264_mp4-1343_jpg.rf.a1909db1d08083a3423414a5b275e0cf.jpg</path>
	<source>
		<database>roboflow.com</database>
	</source>
	<size>
		<width>640</width>
		<height>640</height>
		<depth>3</depth>
	</size>
	<segmented>0</segmented>
	<object>
		<name>Weeds</name>
		<pose>Unspecified</pose>
		<truncated>0</truncated>
		<difficult>0</difficult>
		<occluded>0</occluded>
		<bndbox>
			<xmin>74</xmin>
			<xmax>354</xmax>
			<ymin>129</ymin>
			<ymax>361</ymax>
		</bndbox>
	</object>
</annotation>
