<annotation>
	<folder></folder>
	<filename>20210907_153931_x264_mp4-969_jpg.rf.ec438c3aeaf4bcb7dea428f796ea9071.jpg</filename>
	<path>20210907_153931_x264_mp4-969_jpg.rf.ec438c3aeaf4bcb7dea428f796ea9071.jpg</path>
	<source>
		<database>roboflow.com</database>
	</source>
	<size>
		<width>640</width>
		<height>640</height>
		<depth>3</depth>
	</size>
	<segmented>0</segmented>
	<object>
		<name>Weeds</name>
		<pose>Unspecified</pose>
		<truncated>0</truncated>
		<difficult>0</difficult>
		<occluded>0</occluded>
		<bndbox>
			<xmin>146</xmin>
			<xmax>486</xmax>
			<ymin>135</ymin>
			<ymax>467</ymax>
		</bndbox>
	</object>
	<object>
		<name>Weeds</name>
		<pose>Unspecified</pose>
		<truncated>0</truncated>
		<difficult>0</difficult>
		<occluded>0</occluded>
		<bndbox>
			<xmin>521</xmin>
			<xmax>639</xmax>
			<ymin>212</ymin>
			<ymax>530</ymax>
		</bndbox>
	</object>
</annotation>
