<annotation>
	<folder></folder>
	<filename>20210907_153931_x264_mp4-915_jpg.rf.579245c39fdea3647dcd3bab7838f32d.jpg</filename>
	<path>20210907_153931_x264_mp4-915_jpg.rf.579245c39fdea3647dcd3bab7838f32d.jpg</path>
	<source>
		<database>roboflow.com</database>
	</source>
	<size>
		<width>640</width>
		<height>640</height>
		<depth>3</depth>
	</size>
	<segmented>0</segmented>
	<object>
		<name>Weeds</name>
		<pose>Unspecified</pose>
		<truncated>0</truncated>
		<difficult>0</difficult>
		<occluded>0</occluded>
		<bndbox>
			<xmin>526</xmin>
			<xmax>640</xmax>
			<ymin>361</ymin>
			<ymax>541</ymax>
		</bndbox>
	</object>
	<object>
		<name>Weeds</name>
		<pose>Unspecified</pose>
		<truncated>0</truncated>
		<difficult>0</difficult>
		<occluded>0</occluded>
		<bndbox>
			<xmin>175</xmin>
			<xmax>261</xmax>
			<ymin>467</ymin>
			<ymax>541</ymax>
		</bndbox>
	</object>
	<object>
		<name>Weeds</name>
		<pose>Unspecified</pose>
		<truncated>0</truncated>
		<difficult>0</difficult>
		<occluded>0</occluded>
		<bndbox>
			<xmin>12</xmin>
			<xmax>310</xmax>
			<ymin>177</ymin>
			<ymax>534</ymax>
		</bndbox>
	</object>
</annotation>
