<annotation>
	<folder></folder>
	<filename>20210907_153931_x264_mp4-726_jpg.rf.e3b767ce3f715e7a23bbcb1d07bb782c.jpg</filename>
	<path>20210907_153931_x264_mp4-726_jpg.rf.e3b767ce3f715e7a23bbcb1d07bb782c.jpg</path>
	<source>
		<database>roboflow.com</database>
	</source>
	<size>
		<width>640</width>
		<height>640</height>
		<depth>3</depth>
	</size>
	<segmented>0</segmented>
	<object>
		<name>Weeds</name>
		<pose>Unspecified</pose>
		<truncated>0</truncated>
		<difficult>0</difficult>
		<occluded>0</occluded>
		<bndbox>
			<xmin>215</xmin>
			<xmax>295</xmax>
			<ymin>241</ymin>
			<ymax>329</ymax>
		</bndbox>
	</object>
	<object>
		<name>Weeds</name>
		<pose>Unspecified</pose>
		<truncated>0</truncated>
		<difficult>0</difficult>
		<occluded>0</occluded>
		<bndbox>
			<xmin>212</xmin>
			<xmax>309</xmax>
			<ymin>376</ymin>
			<ymax>478</ymax>
		</bndbox>
	</object>
</annotation>
