<annotation>
	<folder></folder>
	<filename>20210907_153931_x264_mp4-140_jpg.rf.7038402099bae58c684ddb5285d576f2.jpg</filename>
	<path>20210907_153931_x264_mp4-140_jpg.rf.7038402099bae58c684ddb5285d576f2.jpg</path>
	<source>
		<database>roboflow.com</database>
	</source>
	<size>
		<width>640</width>
		<height>640</height>
		<depth>3</depth>
	</size>
	<segmented>0</segmented>
	<object>
		<name>Weeds</name>
		<pose>Unspecified</pose>
		<truncated>0</truncated>
		<difficult>0</difficult>
		<occluded>0</occluded>
		<bndbox>
			<xmin>246</xmin>
			<xmax>450</xmax>
			<ymin>307</ymin>
			<ymax>460</ymax>
		</bndbox>
	</object>
</annotation>
