<annotation>
	<folder></folder>
	<filename>20210907_153931_x264_mp4-644_jpg.rf.1c894c69e2c93ec3f37423ecb21faca1.jpg</filename>
	<path>20210907_153931_x264_mp4-644_jpg.rf.1c894c69e2c93ec3f37423ecb21faca1.jpg</path>
	<source>
		<database>roboflow.com</database>
	</source>
	<size>
		<width>640</width>
		<height>640</height>
		<depth>3</depth>
	</size>
	<segmented>0</segmented>
	<object>
		<name>Weeds</name>
		<pose>Unspecified</pose>
		<truncated>0</truncated>
		<difficult>0</difficult>
		<occluded>0</occluded>
		<bndbox>
			<xmin>449</xmin>
			<xmax>580</xmax>
			<ymin>204</ymin>
			<ymax>332</ymax>
		</bndbox>
	</object>
	<object>
		<name>Weeds</name>
		<pose>Unspecified</pose>
		<truncated>0</truncated>
		<difficult>0</difficult>
		<occluded>0</occluded>
		<bndbox>
			<xmin>615</xmin>
			<xmax>639</xmax>
			<ymin>370</ymin>
			<ymax>403</ymax>
		</bndbox>
	</object>
	<object>
		<name>Weeds</name>
		<pose>Unspecified</pose>
		<truncated>0</truncated>
		<difficult>0</difficult>
		<occluded>0</occluded>
		<bndbox>
			<xmin>472</xmin>
			<xmax>570</xmax>
			<ymin>392</ymin>
			<ymax>478</ymax>
		</bndbox>
	</object>
	<object>
		<name>Weeds</name>
		<pose>Unspecified</pose>
		<truncated>0</truncated>
		<difficult>0</difficult>
		<occluded>0</occluded>
		<bndbox>
			<xmin>167</xmin>
			<xmax>320</xmax>
			<ymin>355</ymin>
			<ymax>526</ymax>
		</bndbox>
	</object>
</annotation>
