<annotation>
	<folder></folder>
	<filename>20210907_153931_x264_mp4-945_jpg.rf.7c82bf991ce8a4f80dd8367345245d30.jpg</filename>
	<path>20210907_153931_x264_mp4-945_jpg.rf.7c82bf991ce8a4f80dd8367345245d30.jpg</path>
	<source>
		<database>roboflow.com</database>
	</source>
	<size>
		<width>640</width>
		<height>640</height>
		<depth>3</depth>
	</size>
	<segmented>0</segmented>
	<object>
		<name>Weeds</name>
		<pose>Unspecified</pose>
		<truncated>0</truncated>
		<difficult>0</difficult>
		<occluded>0</occluded>
		<bndbox>
			<xmin>6</xmin>
			<xmax>637</xmax>
			<ymin>3</ymin>
			<ymax>632</ymax>
		</bndbox>
	</object>
</annotation>
