<annotation>
	<folder></folder>
	<filename>20210907_153931_x264_mp4-1393_jpg.rf.45001fd5b5cec10897c3e91788176cd6.jpg</filename>
	<path>20210907_153931_x264_mp4-1393_jpg.rf.45001fd5b5cec10897c3e91788176cd6.jpg</path>
	<source>
		<database>roboflow.com</database>
	</source>
	<size>
		<width>640</width>
		<height>640</height>
		<depth>3</depth>
	</size>
	<segmented>0</segmented>
	<object>
		<name>Weeds</name>
		<pose>Unspecified</pose>
		<truncated>0</truncated>
		<difficult>0</difficult>
		<occluded>0</occluded>
		<bndbox>
			<xmin>43</xmin>
			<xmax>640</xmax>
			<ymin>1</ymin>
			<ymax>384</ymax>
		</bndbox>
	</object>
</annotation>
