<annotation>
	<folder></folder>
	<filename>20210907_153931_x264_mp4-582_jpg.rf.b677f5dbd1d707e82639159b6e4f9199.jpg</filename>
	<path>20210907_153931_x264_mp4-582_jpg.rf.b677f5dbd1d707e82639159b6e4f9199.jpg</path>
	<source>
		<database>roboflow.com</database>
	</source>
	<size>
		<width>640</width>
		<height>640</height>
		<depth>3</depth>
	</size>
	<segmented>0</segmented>
	<object>
		<name>Weeds</name>
		<pose>Unspecified</pose>
		<truncated>0</truncated>
		<difficult>0</difficult>
		<occluded>0</occluded>
		<bndbox>
			<xmin>234</xmin>
			<xmax>383</xmax>
			<ymin>286</ymin>
			<ymax>392</ymax>
		</bndbox>
	</object>
	<object>
		<name>Weeds</name>
		<pose>Unspecified</pose>
		<truncated>0</truncated>
		<difficult>0</difficult>
		<occluded>0</occluded>
		<bndbox>
			<xmin>286</xmin>
			<xmax>566</xmax>
			<ymin>352</ymin>
			<ymax>510</ymax>
		</bndbox>
	</object>
</annotation>
