<annotation>
	<folder></folder>
	<filename>20210907_153931_x264_mp4-500_jpg.rf.839bd0d9369ad01b3a55b9283f425272.jpg</filename>
	<path>20210907_153931_x264_mp4-500_jpg.rf.839bd0d9369ad01b3a55b9283f425272.jpg</path>
	<source>
		<database>roboflow.com</database>
	</source>
	<size>
		<width>640</width>
		<height>640</height>
		<depth>3</depth>
	</size>
	<segmented>0</segmented>
	<object>
		<name>Weeds</name>
		<pose>Unspecified</pose>
		<truncated>0</truncated>
		<difficult>0</difficult>
		<occluded>0</occluded>
		<bndbox>
			<xmin>136</xmin>
			<xmax>384</xmax>
			<ymin>272</ymin>
			<ymax>467</ymax>
		</bndbox>
	</object>
</annotation>
