<annotation>
	<folder></folder>
	<filename>20210907_153931_x264_mp4-1400_jpg.rf.acbe6c363b1a8b2ab96dc89ed75ddae9.jpg</filename>
	<path>20210907_153931_x264_mp4-1400_jpg.rf.acbe6c363b1a8b2ab96dc89ed75ddae9.jpg</path>
	<source>
		<database>roboflow.com</database>
	</source>
	<size>
		<width>640</width>
		<height>640</height>
		<depth>3</depth>
	</size>
	<segmented>0</segmented>
	<object>
		<name>Weeds</name>
		<pose>Unspecified</pose>
		<truncated>0</truncated>
		<difficult>0</difficult>
		<occluded>0</occluded>
		<bndbox>
			<xmin>40</xmin>
			<xmax>614</xmax>
			<ymin>47</ymin>
			<ymax>440</ymax>
		</bndbox>
	</object>
</annotation>
