<annotation>
	<folder></folder>
	<filename>20210907_153931_x264_mp4-1526_jpg.rf.d4afa68d8f7e48c8fe4cf0784c5bc475.jpg</filename>
	<path>20210907_153931_x264_mp4-1526_jpg.rf.d4afa68d8f7e48c8fe4cf0784c5bc475.jpg</path>
	<source>
		<database>roboflow.com</database>
	</source>
	<size>
		<width>640</width>
		<height>640</height>
		<depth>3</depth>
	</size>
	<segmented>0</segmented>
	<object>
		<name>Weeds</name>
		<pose>Unspecified</pose>
		<truncated>0</truncated>
		<difficult>0</difficult>
		<occluded>0</occluded>
		<bndbox>
			<xmin>384</xmin>
			<xmax>580</xmax>
			<ymin>66</ymin>
			<ymax>253</ymax>
		</bndbox>
	</object>
	<object>
		<name>Weeds</name>
		<pose>Unspecified</pose>
		<truncated>0</truncated>
		<difficult>0</difficult>
		<occluded>0</occluded>
		<bndbox>
			<xmin>87</xmin>
			<xmax>540</xmax>
			<ymin>138</ymin>
			<ymax>539</ymax>
		</bndbox>
	</object>
</annotation>
