<annotation>
	<folder></folder>
	<filename>20210907_153931_x264_mp4-1700_jpg.rf.63c3cd88b8817ed91b7cf8e050747968.jpg</filename>
	<path>20210907_153931_x264_mp4-1700_jpg.rf.63c3cd88b8817ed91b7cf8e050747968.jpg</path>
	<source>
		<database>roboflow.com</database>
	</source>
	<size>
		<width>640</width>
		<height>640</height>
		<depth>3</depth>
	</size>
	<segmented>0</segmented>
	<object>
		<name>Weeds</name>
		<pose>Unspecified</pose>
		<truncated>0</truncated>
		<difficult>0</difficult>
		<occluded>0</occluded>
		<bndbox>
			<xmin>129</xmin>
			<xmax>436</xmax>
			<ymin>269</ymin>
			<ymax>533</ymax>
		</bndbox>
	</object>
</annotation>
