<annotation>
	<folder></folder>
	<filename>20210907_153931_x264_mp4-798_jpg.rf.5e216f2b61e71e6e531687cbb9a09167.jpg</filename>
	<path>20210907_153931_x264_mp4-798_jpg.rf.5e216f2b61e71e6e531687cbb9a09167.jpg</path>
	<source>
		<database>roboflow.com</database>
	</source>
	<size>
		<width>640</width>
		<height>640</height>
		<depth>3</depth>
	</size>
	<segmented>0</segmented>
	<object>
		<name>Weeds</name>
		<pose>Unspecified</pose>
		<truncated>0</truncated>
		<difficult>0</difficult>
		<occluded>0</occluded>
		<bndbox>
			<xmin>426</xmin>
			<xmax>618</xmax>
			<ymin>4</ymin>
			<ymax>95</ymax>
		</bndbox>
	</object>
	<object>
		<name>Weeds</name>
		<pose>Unspecified</pose>
		<truncated>0</truncated>
		<difficult>0</difficult>
		<occluded>0</occluded>
		<bndbox>
			<xmin>190</xmin>
			<xmax>549</xmax>
			<ymin>7</ymin>
			<ymax>449</ymax>
		</bndbox>
	</object>
</annotation>
