<annotation>
	<folder></folder>
	<filename>20210907_153931_x264_mp4-1180_jpg.rf.df3e5d341debae991bf7c083abd98a75.jpg</filename>
	<path>20210907_153931_x264_mp4-1180_jpg.rf.df3e5d341debae991bf7c083abd98a75.jpg</path>
	<source>
		<database>roboflow.com</database>
	</source>
	<size>
		<width>640</width>
		<height>640</height>
		<depth>3</depth>
	</size>
	<segmented>0</segmented>
	<object>
		<name>Weeds</name>
		<pose>Unspecified</pose>
		<truncated>0</truncated>
		<difficult>0</difficult>
		<occluded>0</occluded>
		<bndbox>
			<xmin>167</xmin>
			<xmax>298</xmax>
			<ymin>147</ymin>
			<ymax>258</ymax>
		</bndbox>
	</object>
	<object>
		<name>Weeds</name>
		<pose>Unspecified</pose>
		<truncated>0</truncated>
		<difficult>0</difficult>
		<occluded>0</occluded>
		<bndbox>
			<xmin>190</xmin>
			<xmax>446</xmax>
			<ymin>192</ymin>
			<ymax>383</ymax>
		</bndbox>
	</object>
	<object>
		<name>Weeds</name>
		<pose>Unspecified</pose>
		<truncated>0</truncated>
		<difficult>0</difficult>
		<occluded>0</occluded>
		<bndbox>
			<xmin>558</xmin>
			<xmax>639</xmax>
			<ymin>330</ymin>
			<ymax>449</ymax>
		</bndbox>
	</object>
</annotation>
