<annotation>
	<folder></folder>
	<filename>20210907_153931_x264_mp4-60_jpg.rf.acdee0b0050bfc8f483863699ad37912.jpg</filename>
	<path>20210907_153931_x264_mp4-60_jpg.rf.acdee0b0050bfc8f483863699ad37912.jpg</path>
	<source>
		<database>roboflow.com</database>
	</source>
	<size>
		<width>640</width>
		<height>640</height>
		<depth>3</depth>
	</size>
	<segmented>0</segmented>
	<object>
		<name>Weeds</name>
		<pose>Unspecified</pose>
		<truncated>0</truncated>
		<difficult>0</difficult>
		<occluded>0</occluded>
		<bndbox>
			<xmin>230</xmin>
			<xmax>355</xmax>
			<ymin>226</ymin>
			<ymax>343</ymax>
		</bndbox>
	</object>
</annotation>
