<annotation>
	<folder></folder>
	<filename>20210907_153931_x264_mp4-282_jpg.rf.05526b1ae84bdba9c212bdf0735307eb.jpg</filename>
	<path>20210907_153931_x264_mp4-282_jpg.rf.05526b1ae84bdba9c212bdf0735307eb.jpg</path>
	<source>
		<database>roboflow.com</database>
	</source>
	<size>
		<width>640</width>
		<height>640</height>
		<depth>3</depth>
	</size>
	<segmented>0</segmented>
	<object>
		<name>Weeds</name>
		<pose>Unspecified</pose>
		<truncated>0</truncated>
		<difficult>0</difficult>
		<occluded>0</occluded>
		<bndbox>
			<xmin>1</xmin>
			<xmax>219</xmax>
			<ymin>161</ymin>
			<ymax>358</ymax>
		</bndbox>
	</object>
</annotation>
