<annotation>
	<folder></folder>
	<filename>20210907_153931_x264_mp4-388_jpg.rf.9f601403ab8e3f65014c6668a23e2a0b.jpg</filename>
	<path>20210907_153931_x264_mp4-388_jpg.rf.9f601403ab8e3f65014c6668a23e2a0b.jpg</path>
	<source>
		<database>roboflow.com</database>
	</source>
	<size>
		<width>640</width>
		<height>640</height>
		<depth>3</depth>
	</size>
	<segmented>0</segmented>
	<object>
		<name>Weeds</name>
		<pose>Unspecified</pose>
		<truncated>0</truncated>
		<difficult>0</difficult>
		<occluded>0</occluded>
		<bndbox>
			<xmin>183</xmin>
			<xmax>492</xmax>
			<ymin>175</ymin>
			<ymax>415</ymax>
		</bndbox>
	</object>
</annotation>
