<annotation>
	<folder></folder>
	<filename>20210907_153931_x264_mp4-547_jpg.rf.6236466c19c95b3f52161cad6a063d25.jpg</filename>
	<path>20210907_153931_x264_mp4-547_jpg.rf.6236466c19c95b3f52161cad6a063d25.jpg</path>
	<source>
		<database>roboflow.com</database>
	</source>
	<size>
		<width>640</width>
		<height>640</height>
		<depth>3</depth>
	</size>
	<segmented>0</segmented>
	<object>
		<name>Weeds</name>
		<pose>Unspecified</pose>
		<truncated>0</truncated>
		<difficult>0</difficult>
		<occluded>0</occluded>
		<bndbox>
			<xmin>358</xmin>
			<xmax>496</xmax>
			<ymin>396</ymin>
			<ymax>504</ymax>
		</bndbox>
	</object>
	<object>
		<name>Weeds</name>
		<pose>Unspecified</pose>
		<truncated>0</truncated>
		<difficult>0</difficult>
		<occluded>0</occluded>
		<bndbox>
			<xmin>266</xmin>
			<xmax>464</xmax>
			<ymin>269</ymin>
			<ymax>416</ymax>
		</bndbox>
	</object>
</annotation>
