<annotation>
	<folder></folder>
	<filename>20210907_153931_x264_mp4-176_jpg.rf.8dc14b335f2d359f51b4faa1365c6814.jpg</filename>
	<path>20210907_153931_x264_mp4-176_jpg.rf.8dc14b335f2d359f51b4faa1365c6814.jpg</path>
	<source>
		<database>roboflow.com</database>
	</source>
	<size>
		<width>640</width>
		<height>640</height>
		<depth>3</depth>
	</size>
	<segmented>0</segmented>
	<object>
		<name>Weeds</name>
		<pose>Unspecified</pose>
		<truncated>0</truncated>
		<difficult>0</difficult>
		<occluded>0</occluded>
		<bndbox>
			<xmin>296</xmin>
			<xmax>372</xmax>
			<ymin>298</ymin>
			<ymax>353</ymax>
		</bndbox>
	</object>
</annotation>
