<annotation>
	<folder></folder>
	<filename>20210907_153931_x264_mp4-102_jpg.rf.c99c86ef39a4310fda67744eab81cda2.jpg</filename>
	<path>20210907_153931_x264_mp4-102_jpg.rf.c99c86ef39a4310fda67744eab81cda2.jpg</path>
	<source>
		<database>roboflow.com</database>
	</source>
	<size>
		<width>640</width>
		<height>640</height>
		<depth>3</depth>
	</size>
	<segmented>0</segmented>
	<object>
		<name>Weeds</name>
		<pose>Unspecified</pose>
		<truncated>0</truncated>
		<difficult>0</difficult>
		<occluded>0</occluded>
		<bndbox>
			<xmin>303</xmin>
			<xmax>521</xmax>
			<ymin>210</ymin>
			<ymax>406</ymax>
		</bndbox>
	</object>
</annotation>
