<annotation>
	<folder></folder>
	<filename>20210907_153931_x264_mp4-695_jpg.rf.13d4abaada31a30efd26d4a2f4abfb1e.jpg</filename>
	<path>20210907_153931_x264_mp4-695_jpg.rf.13d4abaada31a30efd26d4a2f4abfb1e.jpg</path>
	<source>
		<database>roboflow.com</database>
	</source>
	<size>
		<width>640</width>
		<height>640</height>
		<depth>3</depth>
	</size>
	<segmented>0</segmented>
	<object>
		<name>Weeds</name>
		<pose>Unspecified</pose>
		<truncated>0</truncated>
		<difficult>0</difficult>
		<occluded>0</occluded>
		<bndbox>
			<xmin>389</xmin>
			<xmax>640</xmax>
			<ymin>153</ymin>
			<ymax>427</ymax>
		</bndbox>
	</object>
	<object>
		<name>Weeds</name>
		<pose>Unspecified</pose>
		<truncated>0</truncated>
		<difficult>0</difficult>
		<occluded>0</occluded>
		<bndbox>
			<xmin>101</xmin>
			<xmax>287</xmax>
			<ymin>298</ymin>
			<ymax>436</ymax>
		</bndbox>
	</object>
</annotation>
