<annotation>
	<folder></folder>
	<filename>20210907_153931_x264_mp4-866_jpg.rf.67568a608d5189df235d4b6dc9f5fe94.jpg</filename>
	<path>20210907_153931_x264_mp4-866_jpg.rf.67568a608d5189df235d4b6dc9f5fe94.jpg</path>
	<source>
		<database>roboflow.com</database>
	</source>
	<size>
		<width>640</width>
		<height>640</height>
		<depth>3</depth>
	</size>
	<segmented>0</segmented>
	<object>
		<name>Weeds</name>
		<pose>Unspecified</pose>
		<truncated>0</truncated>
		<difficult>0</difficult>
		<occluded>0</occluded>
		<bndbox>
			<xmin>534</xmin>
			<xmax>617</xmax>
			<ymin>273</ymin>
			<ymax>361</ymax>
		</bndbox>
	</object>
	<object>
		<name>Weeds</name>
		<pose>Unspecified</pose>
		<truncated>0</truncated>
		<difficult>0</difficult>
		<occluded>0</occluded>
		<bndbox>
			<xmin>123</xmin>
			<xmax>543</xmax>
			<ymin>170</ymin>
			<ymax>561</ymax>
		</bndbox>
	</object>
</annotation>
