<annotation>
	<folder></folder>
	<filename>20210907_153931_x264_mp4-870_jpg.rf.5cb0846ba779ac2f8efe682288969a05.jpg</filename>
	<path>20210907_153931_x264_mp4-870_jpg.rf.5cb0846ba779ac2f8efe682288969a05.jpg</path>
	<source>
		<database>roboflow.com</database>
	</source>
	<size>
		<width>640</width>
		<height>640</height>
		<depth>3</depth>
	</size>
	<segmented>0</segmented>
	<object>
		<name>Weeds</name>
		<pose>Unspecified</pose>
		<truncated>0</truncated>
		<difficult>0</difficult>
		<occluded>0</occluded>
		<bndbox>
			<xmin>561</xmin>
			<xmax>638</xmax>
			<ymin>289</ymin>
			<ymax>378</ymax>
		</bndbox>
	</object>
	<object>
		<name>Weeds</name>
		<pose>Unspecified</pose>
		<truncated>0</truncated>
		<difficult>0</difficult>
		<occluded>0</occluded>
		<bndbox>
			<xmin>109</xmin>
			<xmax>575</xmax>
			<ymin>158</ymin>
			<ymax>586</ymax>
		</bndbox>
	</object>
</annotation>
