<annotation>
	<folder></folder>
	<filename>20210907_153931_x264_mp4-1612_jpg.rf.cba2b74a9223aebb20fd9eb73908027c.jpg</filename>
	<path>20210907_153931_x264_mp4-1612_jpg.rf.cba2b74a9223aebb20fd9eb73908027c.jpg</path>
	<source>
		<database>roboflow.com</database>
	</source>
	<size>
		<width>640</width>
		<height>640</height>
		<depth>3</depth>
	</size>
	<segmented>0</segmented>
	<object>
		<name>Weeds</name>
		<pose>Unspecified</pose>
		<truncated>0</truncated>
		<difficult>0</difficult>
		<occluded>0</occluded>
		<bndbox>
			<xmin>9</xmin>
			<xmax>464</xmax>
			<ymin>96</ymin>
			<ymax>478</ymax>
		</bndbox>
	</object>
</annotation>
