<annotation>
	<folder></folder>
	<filename>20210907_153931_x264_mp4-318_jpg.rf.f81e298755ff7ff61c575d55c0d154a9.jpg</filename>
	<path>20210907_153931_x264_mp4-318_jpg.rf.f81e298755ff7ff61c575d55c0d154a9.jpg</path>
	<source>
		<database>roboflow.com</database>
	</source>
	<size>
		<width>640</width>
		<height>640</height>
		<depth>3</depth>
	</size>
	<segmented>0</segmented>
	<object>
		<name>Weeds</name>
		<pose>Unspecified</pose>
		<truncated>0</truncated>
		<difficult>0</difficult>
		<occluded>0</occluded>
		<bndbox>
			<xmin>109</xmin>
			<xmax>547</xmax>
			<ymin>173</ymin>
			<ymax>584</ymax>
		</bndbox>
	</object>
</annotation>
