<annotation>
	<folder></folder>
	<filename>20210907_153931_x264_mp4-412_jpg.rf.69ba4c21fe7008a8cf669fc0a5544ae1.jpg</filename>
	<path>20210907_153931_x264_mp4-412_jpg.rf.69ba4c21fe7008a8cf669fc0a5544ae1.jpg</path>
	<source>
		<database>roboflow.com</database>
	</source>
	<size>
		<width>640</width>
		<height>640</height>
		<depth>3</depth>
	</size>
	<segmented>0</segmented>
	<object>
		<name>Weeds</name>
		<pose>Unspecified</pose>
		<truncated>0</truncated>
		<difficult>0</difficult>
		<occluded>0</occluded>
		<bndbox>
			<xmin>289</xmin>
			<xmax>355</xmax>
			<ymin>341</ymin>
			<ymax>401</ymax>
		</bndbox>
	</object>
</annotation>
