<annotation>
	<folder></folder>
	<filename>20210907_153931_x264_mp4-81_jpg.rf.059958bb3866a6946141f31378c089c5.jpg</filename>
	<path>20210907_153931_x264_mp4-81_jpg.rf.059958bb3866a6946141f31378c089c5.jpg</path>
	<source>
		<database>roboflow.com</database>
	</source>
	<size>
		<width>640</width>
		<height>640</height>
		<depth>3</depth>
	</size>
	<segmented>0</segmented>
	<object>
		<name>Weeds</name>
		<pose>Unspecified</pose>
		<truncated>0</truncated>
		<difficult>0</difficult>
		<occluded>0</occluded>
		<bndbox>
			<xmin>299</xmin>
			<xmax>518</xmax>
			<ymin>223</ymin>
			<ymax>434</ymax>
		</bndbox>
	</object>
</annotation>
