<annotation>
	<folder></folder>
	<filename>20210907_153931_x264_mp4-802_jpg.rf.dd38ecb71471f3b7b66abde792b4ce43.jpg</filename>
	<path>20210907_153931_x264_mp4-802_jpg.rf.dd38ecb71471f3b7b66abde792b4ce43.jpg</path>
	<source>
		<database>roboflow.com</database>
	</source>
	<size>
		<width>640</width>
		<height>640</height>
		<depth>3</depth>
	</size>
	<segmented>0</segmented>
	<object>
		<name>Weeds</name>
		<pose>Unspecified</pose>
		<truncated>0</truncated>
		<difficult>0</difficult>
		<occluded>0</occluded>
		<bndbox>
			<xmin>290</xmin>
			<xmax>630</xmax>
			<ymin>170</ymin>
			<ymax>389</ymax>
		</bndbox>
	</object>
	<object>
		<name>Weeds</name>
		<pose>Unspecified</pose>
		<truncated>0</truncated>
		<difficult>0</difficult>
		<occluded>0</occluded>
		<bndbox>
			<xmin>9</xmin>
			<xmax>409</xmax>
			<ymin>152</ymin>
			<ymax>639</ymax>
		</bndbox>
	</object>
</annotation>
