<annotation>
	<folder></folder>
	<filename>20210907_153931_x264_mp4-1124_jpg.rf.11f74042222e5a2a523fc49ff1af4224.jpg</filename>
	<path>20210907_153931_x264_mp4-1124_jpg.rf.11f74042222e5a2a523fc49ff1af4224.jpg</path>
	<source>
		<database>roboflow.com</database>
	</source>
	<size>
		<width>640</width>
		<height>640</height>
		<depth>3</depth>
	</size>
	<segmented>0</segmented>
	<object>
		<name>Weeds</name>
		<pose>Unspecified</pose>
		<truncated>0</truncated>
		<difficult>0</difficult>
		<occluded>0</occluded>
		<bndbox>
			<xmin>330</xmin>
			<xmax>444</xmax>
			<ymin>197</ymin>
			<ymax>326</ymax>
		</bndbox>
	</object>
	<object>
		<name>Weeds</name>
		<pose>Unspecified</pose>
		<truncated>0</truncated>
		<difficult>0</difficult>
		<occluded>0</occluded>
		<bndbox>
			<xmin>258</xmin>
			<xmax>410</xmax>
			<ymin>252</ymin>
			<ymax>423</ymax>
		</bndbox>
	</object>
</annotation>
