<annotation>
	<folder></folder>
	<filename>20210907_153931_x264_mp4-1116_jpg.rf.adc518e43e7639fb901faae2f9cf55ee.jpg</filename>
	<path>20210907_153931_x264_mp4-1116_jpg.rf.adc518e43e7639fb901faae2f9cf55ee.jpg</path>
	<source>
		<database>roboflow.com</database>
	</source>
	<size>
		<width>640</width>
		<height>640</height>
		<depth>3</depth>
	</size>
	<segmented>0</segmented>
	<object>
		<name>Weeds</name>
		<pose>Unspecified</pose>
		<truncated>0</truncated>
		<difficult>0</difficult>
		<occluded>0</occluded>
		<bndbox>
			<xmin>326</xmin>
			<xmax>595</xmax>
			<ymin>54</ymin>
			<ymax>374</ymax>
		</bndbox>
	</object>
	<object>
		<name>Weeds</name>
		<pose>Unspecified</pose>
		<truncated>0</truncated>
		<difficult>0</difficult>
		<occluded>0</occluded>
		<bndbox>
			<xmin>160</xmin>
			<xmax>529</xmax>
			<ymin>206</ymin>
			<ymax>600</ymax>
		</bndbox>
	</object>
</annotation>
