<annotation>
	<folder></folder>
	<filename>20210907_153931_x264_mp4-210_jpg.rf.efb9c337a2d31f4042c31bf699958ca7.jpg</filename>
	<path>20210907_153931_x264_mp4-210_jpg.rf.efb9c337a2d31f4042c31bf699958ca7.jpg</path>
	<source>
		<database>roboflow.com</database>
	</source>
	<size>
		<width>640</width>
		<height>640</height>
		<depth>3</depth>
	</size>
	<segmented>0</segmented>
	<object>
		<name>Weeds</name>
		<pose>Unspecified</pose>
		<truncated>0</truncated>
		<difficult>0</difficult>
		<occluded>0</occluded>
		<bndbox>
			<xmin>498</xmin>
			<xmax>587</xmax>
			<ymin>412</ymin>
			<ymax>529</ymax>
		</bndbox>
	</object>
	<object>
		<name>Weeds</name>
		<pose>Unspecified</pose>
		<truncated>0</truncated>
		<difficult>0</difficult>
		<occluded>0</occluded>
		<bndbox>
			<xmin>346</xmin>
			<xmax>497</xmax>
			<ymin>177</ymin>
			<ymax>246</ymax>
		</bndbox>
	</object>
	<object>
		<name>Weeds</name>
		<pose>Unspecified</pose>
		<truncated>0</truncated>
		<difficult>0</difficult>
		<occluded>0</occluded>
		<bndbox>
			<xmin>115</xmin>
			<xmax>459</xmax>
			<ymin>133</ymin>
			<ymax>506</ymax>
		</bndbox>
	</object>
</annotation>
