<annotation>
	<folder></folder>
	<filename>20210907_153931_x264_mp4-619_jpg.rf.e2148e1f931676a5b073e28159e2817a.jpg</filename>
	<path>20210907_153931_x264_mp4-619_jpg.rf.e2148e1f931676a5b073e28159e2817a.jpg</path>
	<source>
		<database>roboflow.com</database>
	</source>
	<size>
		<width>640</width>
		<height>640</height>
		<depth>3</depth>
	</size>
	<segmented>0</segmented>
	<object>
		<name>Weeds</name>
		<pose>Unspecified</pose>
		<truncated>0</truncated>
		<difficult>0</difficult>
		<occluded>0</occluded>
		<bndbox>
			<xmin>501</xmin>
			<xmax>532</xmax>
			<ymin>494</ymin>
			<ymax>537</ymax>
		</bndbox>
	</object>
	<object>
		<name>Weeds</name>
		<pose>Unspecified</pose>
		<truncated>0</truncated>
		<difficult>0</difficult>
		<occluded>0</occluded>
		<bndbox>
			<xmin>155</xmin>
			<xmax>321</xmax>
			<ymin>111</ymin>
			<ymax>260</ymax>
		</bndbox>
	</object>
	<object>
		<name>Weeds</name>
		<pose>Unspecified</pose>
		<truncated>0</truncated>
		<difficult>0</difficult>
		<occluded>0</occluded>
		<bndbox>
			<xmin>515</xmin>
			<xmax>639</xmax>
			<ymin>274</ymin>
			<ymax>417</ymax>
		</bndbox>
	</object>
	<object>
		<name>Weeds</name>
		<pose>Unspecified</pose>
		<truncated>0</truncated>
		<difficult>0</difficult>
		<occluded>0</occluded>
		<bndbox>
			<xmin>344</xmin>
			<xmax>453</xmax>
			<ymin>389</ymin>
			<ymax>490</ymax>
		</bndbox>
	</object>
</annotation>
