<annotation>
	<folder></folder>
	<filename>20210907_153931_x264_mp4-1444_jpg.rf.5fb0043558075325fa25b34a7b1796ab.jpg</filename>
	<path>20210907_153931_x264_mp4-1444_jpg.rf.5fb0043558075325fa25b34a7b1796ab.jpg</path>
	<source>
		<database>roboflow.com</database>
	</source>
	<size>
		<width>640</width>
		<height>640</height>
		<depth>3</depth>
	</size>
	<segmented>0</segmented>
	<object>
		<name>Weeds</name>
		<pose>Unspecified</pose>
		<truncated>0</truncated>
		<difficult>0</difficult>
		<occluded>0</occluded>
		<bndbox>
			<xmin>179</xmin>
			<xmax>295</xmax>
			<ymin>221</ymin>
			<ymax>336</ymax>
		</bndbox>
	</object>
	<object>
		<name>Weeds</name>
		<pose>Unspecified</pose>
		<truncated>0</truncated>
		<difficult>0</difficult>
		<occluded>0</occluded>
		<bndbox>
			<xmin>594</xmin>
			<xmax>640</xmax>
			<ymin>241</ymin>
			<ymax>321</ymax>
		</bndbox>
	</object>
	<object>
		<name>Weeds</name>
		<pose>Unspecified</pose>
		<truncated>0</truncated>
		<difficult>0</difficult>
		<occluded>0</occluded>
		<bndbox>
			<xmin>7</xmin>
			<xmax>160</xmax>
			<ymin>206</ymin>
			<ymax>363</ymax>
		</bndbox>
	</object>
	<object>
		<name>Weeds</name>
		<pose>Unspecified</pose>
		<truncated>0</truncated>
		<difficult>0</difficult>
		<occluded>0</occluded>
		<bndbox>
			<xmin>343</xmin>
			<xmax>452</xmax>
			<ymin>232</ymin>
			<ymax>341</ymax>
		</bndbox>
	</object>
	<object>
		<name>Weeds</name>
		<pose>Unspecified</pose>
		<truncated>0</truncated>
		<difficult>0</difficult>
		<occluded>0</occluded>
		<bndbox>
			<xmin>243</xmin>
			<xmax>477</xmax>
			<ymin>259</ymin>
			<ymax>458</ymax>
		</bndbox>
	</object>
</annotation>
