<annotation>
	<folder></folder>
	<filename>20210907_153931_x264_mp4-213_jpg.rf.fc07c1520b27ae7e02f69e10a637f0cb.jpg</filename>
	<path>20210907_153931_x264_mp4-213_jpg.rf.fc07c1520b27ae7e02f69e10a637f0cb.jpg</path>
	<source>
		<database>roboflow.com</database>
	</source>
	<size>
		<width>640</width>
		<height>640</height>
		<depth>3</depth>
	</size>
	<segmented>0</segmented>
	<object>
		<name>Weeds</name>
		<pose>Unspecified</pose>
		<truncated>0</truncated>
		<difficult>0</difficult>
		<occluded>0</occluded>
		<bndbox>
			<xmin>323</xmin>
			<xmax>484</xmax>
			<ymin>132</ymin>
			<ymax>207</ymax>
		</bndbox>
	</object>
	<object>
		<name>Weeds</name>
		<pose>Unspecified</pose>
		<truncated>0</truncated>
		<difficult>0</difficult>
		<occluded>0</occluded>
		<bndbox>
			<xmin>140</xmin>
			<xmax>514</xmax>
			<ymin>120</ymin>
			<ymax>520</ymax>
		</bndbox>
	</object>
	<object>
		<name>Weeds</name>
		<pose>Unspecified</pose>
		<truncated>0</truncated>
		<difficult>0</difficult>
		<occluded>0</occluded>
		<bndbox>
			<xmin>563</xmin>
			<xmax>640</xmax>
			<ymin>354</ymin>
			<ymax>480</ymax>
		</bndbox>
	</object>
</annotation>
