<annotation>
	<folder></folder>
	<filename>20210907_153931_x264_mp4-144_jpg.rf.73a585b2990ba22db03be028b8fa4be7.jpg</filename>
	<path>20210907_153931_x264_mp4-144_jpg.rf.73a585b2990ba22db03be028b8fa4be7.jpg</path>
	<source>
		<database>roboflow.com</database>
	</source>
	<size>
		<width>640</width>
		<height>640</height>
		<depth>3</depth>
	</size>
	<segmented>0</segmented>
	<object>
		<name>Weeds</name>
		<pose>Unspecified</pose>
		<truncated>0</truncated>
		<difficult>0</difficult>
		<occluded>0</occluded>
		<bndbox>
			<xmin>118</xmin>
			<xmax>326</xmax>
			<ymin>364</ymin>
			<ymax>532</ymax>
		</bndbox>
	</object>
</annotation>
