<annotation>
	<folder></folder>
	<filename>20210907_153931_x264_mp4-184_jpg.rf.f4e6cfc2e51fc38b4c104ec32eb790da.jpg</filename>
	<path>20210907_153931_x264_mp4-184_jpg.rf.f4e6cfc2e51fc38b4c104ec32eb790da.jpg</path>
	<source>
		<database>roboflow.com</database>
	</source>
	<size>
		<width>640</width>
		<height>640</height>
		<depth>3</depth>
	</size>
	<segmented>0</segmented>
	<object>
		<name>Weeds</name>
		<pose>Unspecified</pose>
		<truncated>0</truncated>
		<difficult>0</difficult>
		<occluded>0</occluded>
		<bndbox>
			<xmin>209</xmin>
			<xmax>278</xmax>
			<ymin>251</ymin>
			<ymax>300</ymax>
		</bndbox>
	</object>
</annotation>
