<annotation>
	<folder></folder>
	<filename>20210907_153931_x264_mp4-132_jpg.rf.4a513d8295edaa96035c62cee696eada.jpg</filename>
	<path>20210907_153931_x264_mp4-132_jpg.rf.4a513d8295edaa96035c62cee696eada.jpg</path>
	<source>
		<database>roboflow.com</database>
	</source>
	<size>
		<width>640</width>
		<height>640</height>
		<depth>3</depth>
	</size>
	<segmented>0</segmented>
	<object>
		<name>Weeds</name>
		<pose>Unspecified</pose>
		<truncated>0</truncated>
		<difficult>0</difficult>
		<occluded>0</occluded>
		<bndbox>
			<xmin>158</xmin>
			<xmax>341</xmax>
			<ymin>197</ymin>
			<ymax>343</ymax>
		</bndbox>
	</object>
</annotation>
