<annotation>
	<folder></folder>
	<filename>20210907_153931_x264_mp4-1171_jpg.rf.2de51c8070da593fae2c0a4b1dc69ab1.jpg</filename>
	<path>20210907_153931_x264_mp4-1171_jpg.rf.2de51c8070da593fae2c0a4b1dc69ab1.jpg</path>
	<source>
		<database>roboflow.com</database>
	</source>
	<size>
		<width>640</width>
		<height>640</height>
		<depth>3</depth>
	</size>
	<segmented>0</segmented>
	<object>
		<name>Weeds</name>
		<pose>Unspecified</pose>
		<truncated>0</truncated>
		<difficult>0</difficult>
		<occluded>0</occluded>
		<bndbox>
			<xmin>300</xmin>
			<xmax>449</xmax>
			<ymin>234</ymin>
			<ymax>394</ymax>
		</bndbox>
	</object>
	<object>
		<name>Weeds</name>
		<pose>Unspecified</pose>
		<truncated>0</truncated>
		<difficult>0</difficult>
		<occluded>0</occluded>
		<bndbox>
			<xmin>189</xmin>
			<xmax>346</xmax>
			<ymin>260</ymin>
			<ymax>409</ymax>
		</bndbox>
	</object>
</annotation>
