<annotation>
	<folder></folder>
	<filename>20210907_153931_x264_mp4-353_jpg.rf.5431da842657deb6bcad1e763aa61482.jpg</filename>
	<path>20210907_153931_x264_mp4-353_jpg.rf.5431da842657deb6bcad1e763aa61482.jpg</path>
	<source>
		<database>roboflow.com</database>
	</source>
	<size>
		<width>640</width>
		<height>640</height>
		<depth>3</depth>
	</size>
	<segmented>0</segmented>
	<object>
		<name>Weeds</name>
		<pose>Unspecified</pose>
		<truncated>0</truncated>
		<difficult>0</difficult>
		<occluded>0</occluded>
		<bndbox>
			<xmin>301</xmin>
			<xmax>429</xmax>
			<ymin>255</ymin>
			<ymax>376</ymax>
		</bndbox>
	</object>
</annotation>
