<annotation>
	<folder></folder>
	<filename>20210907_153931_x264_mp4-34_jpg.rf.badac2dd9340001eb824b932936f7cdf.jpg</filename>
	<path>20210907_153931_x264_mp4-34_jpg.rf.badac2dd9340001eb824b932936f7cdf.jpg</path>
	<source>
		<database>roboflow.com</database>
	</source>
	<size>
		<width>640</width>
		<height>640</height>
		<depth>3</depth>
	</size>
	<segmented>0</segmented>
	<object>
		<name>Weeds</name>
		<pose>Unspecified</pose>
		<truncated>0</truncated>
		<difficult>0</difficult>
		<occluded>0</occluded>
		<bndbox>
			<xmin>329</xmin>
			<xmax>458</xmax>
			<ymin>286</ymin>
			<ymax>401</ymax>
		</bndbox>
	</object>
</annotation>
