<annotation>
	<folder></folder>
	<filename>20210907_153931_x264_mp4-216_jpg.rf.aea161517d45b673a1d52bac0e1f4cb3.jpg</filename>
	<path>20210907_153931_x264_mp4-216_jpg.rf.aea161517d45b673a1d52bac0e1f4cb3.jpg</path>
	<source>
		<database>roboflow.com</database>
	</source>
	<size>
		<width>640</width>
		<height>640</height>
		<depth>3</depth>
	</size>
	<segmented>0</segmented>
	<object>
		<name>Weeds</name>
		<pose>Unspecified</pose>
		<truncated>0</truncated>
		<difficult>0</difficult>
		<occluded>0</occluded>
		<bndbox>
			<xmin>204</xmin>
			<xmax>363</xmax>
			<ymin>87</ymin>
			<ymax>172</ymax>
		</bndbox>
	</object>
	<object>
		<name>Weeds</name>
		<pose>Unspecified</pose>
		<truncated>0</truncated>
		<difficult>0</difficult>
		<occluded>0</occluded>
		<bndbox>
			<xmin>75</xmin>
			<xmax>462</xmax>
			<ymin>117</ymin>
			<ymax>491</ymax>
		</bndbox>
	</object>
	<object>
		<name>Weeds</name>
		<pose>Unspecified</pose>
		<truncated>0</truncated>
		<difficult>0</difficult>
		<occluded>0</occluded>
		<bndbox>
			<xmin>509</xmin>
			<xmax>580</xmax>
			<ymin>255</ymin>
			<ymax>375</ymax>
		</bndbox>
	</object>
</annotation>
