<annotation>
	<folder></folder>
	<filename>20210907_153931_x264_mp4-920_jpg.rf.66f7c714067856015903d02165181b3a.jpg</filename>
	<path>20210907_153931_x264_mp4-920_jpg.rf.66f7c714067856015903d02165181b3a.jpg</path>
	<source>
		<database>roboflow.com</database>
	</source>
	<size>
		<width>640</width>
		<height>640</height>
		<depth>3</depth>
	</size>
	<segmented>0</segmented>
	<object>
		<name>Weeds</name>
		<pose>Unspecified</pose>
		<truncated>0</truncated>
		<difficult>0</difficult>
		<occluded>0</occluded>
		<bndbox>
			<xmin>541</xmin>
			<xmax>636</xmax>
			<ymin>503</ymin>
			<ymax>610</ymax>
		</bndbox>
	</object>
	<object>
		<name>Weeds</name>
		<pose>Unspecified</pose>
		<truncated>0</truncated>
		<difficult>0</difficult>
		<occluded>0</occluded>
		<bndbox>
			<xmin>304</xmin>
			<xmax>640</xmax>
			<ymin>152</ymin>
			<ymax>639</ymax>
		</bndbox>
	</object>
</annotation>
