<annotation>
	<folder></folder>
	<filename>20210907_153931_x264_mp4-991_jpg.rf.99ff7b526945a97263cedeb58627851c.jpg</filename>
	<path>20210907_153931_x264_mp4-991_jpg.rf.99ff7b526945a97263cedeb58627851c.jpg</path>
	<source>
		<database>roboflow.com</database>
	</source>
	<size>
		<width>640</width>
		<height>640</height>
		<depth>3</depth>
	</size>
	<segmented>0</segmented>
	<object>
		<name>Weeds</name>
		<pose>Unspecified</pose>
		<truncated>0</truncated>
		<difficult>0</difficult>
		<occluded>0</occluded>
		<bndbox>
			<xmin>256</xmin>
			<xmax>412</xmax>
			<ymin>227</ymin>
			<ymax>378</ymax>
		</bndbox>
	</object>
	<object>
		<name>Weeds</name>
		<pose>Unspecified</pose>
		<truncated>0</truncated>
		<difficult>0</difficult>
		<occluded>0</occluded>
		<bndbox>
			<xmin>429</xmin>
			<xmax>529</xmax>
			<ymin>260</ymin>
			<ymax>391</ymax>
		</bndbox>
	</object>
	<object>
		<name>Weeds</name>
		<pose>Unspecified</pose>
		<truncated>0</truncated>
		<difficult>0</difficult>
		<occluded>0</occluded>
		<bndbox>
			<xmin>557</xmin>
			<xmax>597</xmax>
			<ymin>327</ymin>
			<ymax>389</ymax>
		</bndbox>
	</object>
	<object>
		<name>Weeds</name>
		<pose>Unspecified</pose>
		<truncated>0</truncated>
		<difficult>0</difficult>
		<occluded>0</occluded>
		<bndbox>
			<xmin>577</xmin>
			<xmax>640</xmax>
			<ymin>341</ymin>
			<ymax>496</ymax>
		</bndbox>
	</object>
</annotation>
