<annotation>
	<folder></folder>
	<filename>20210907_153931_x264_mp4-1529_jpg.rf.7f3fedb8512af534029e7a1b4aab5405.jpg</filename>
	<path>20210907_153931_x264_mp4-1529_jpg.rf.7f3fedb8512af534029e7a1b4aab5405.jpg</path>
	<source>
		<database>roboflow.com</database>
	</source>
	<size>
		<width>640</width>
		<height>640</height>
		<depth>3</depth>
	</size>
	<segmented>0</segmented>
	<object>
		<name>Weeds</name>
		<pose>Unspecified</pose>
		<truncated>0</truncated>
		<difficult>0</difficult>
		<occluded>0</occluded>
		<bndbox>
			<xmin>461</xmin>
			<xmax>639</xmax>
			<ymin>12</ymin>
			<ymax>221</ymax>
		</bndbox>
	</object>
	<object>
		<name>Weeds</name>
		<pose>Unspecified</pose>
		<truncated>0</truncated>
		<difficult>0</difficult>
		<occluded>0</occluded>
		<bndbox>
			<xmin>30</xmin>
			<xmax>629</xmax>
			<ymin>60</ymin>
			<ymax>634</ymax>
		</bndbox>
	</object>
</annotation>
