<annotation>
	<folder></folder>
	<filename>20210907_153931_x264_mp4-1705_jpg.rf.826d85bb7bd938cec30603cf44891510.jpg</filename>
	<path>20210907_153931_x264_mp4-1705_jpg.rf.826d85bb7bd938cec30603cf44891510.jpg</path>
	<source>
		<database>roboflow.com</database>
	</source>
	<size>
		<width>640</width>
		<height>640</height>
		<depth>3</depth>
	</size>
	<segmented>0</segmented>
	<object>
		<name>Weeds</name>
		<pose>Unspecified</pose>
		<truncated>0</truncated>
		<difficult>0</difficult>
		<occluded>0</occluded>
		<bndbox>
			<xmin>76</xmin>
			<xmax>378</xmax>
			<ymin>227</ymin>
			<ymax>489</ymax>
		</bndbox>
	</object>
</annotation>
