<annotation>
	<folder></folder>
	<filename>20210907_153931_x264_mp4-579_jpg.rf.b88bf2e9865775c36102becc0fb519dd.jpg</filename>
	<path>20210907_153931_x264_mp4-579_jpg.rf.b88bf2e9865775c36102becc0fb519dd.jpg</path>
	<source>
		<database>roboflow.com</database>
	</source>
	<size>
		<width>640</width>
		<height>640</height>
		<depth>3</depth>
	</size>
	<segmented>0</segmented>
	<object>
		<name>Weeds</name>
		<pose>Unspecified</pose>
		<truncated>0</truncated>
		<difficult>0</difficult>
		<occluded>0</occluded>
		<bndbox>
			<xmin>195</xmin>
			<xmax>335</xmax>
			<ymin>320</ymin>
			<ymax>414</ymax>
		</bndbox>
	</object>
	<object>
		<name>Weeds</name>
		<pose>Unspecified</pose>
		<truncated>0</truncated>
		<difficult>0</difficult>
		<occluded>0</occluded>
		<bndbox>
			<xmin>261</xmin>
			<xmax>503</xmax>
			<ymin>373</ymin>
			<ymax>501</ymax>
		</bndbox>
	</object>
</annotation>
