<annotation>
	<folder></folder>
	<filename>20210907_153931_x264_mp4-393_jpg.rf.372122c5ff460dc47d3f5c49831bf45f.jpg</filename>
	<path>20210907_153931_x264_mp4-393_jpg.rf.372122c5ff460dc47d3f5c49831bf45f.jpg</path>
	<source>
		<database>roboflow.com</database>
	</source>
	<size>
		<width>640</width>
		<height>640</height>
		<depth>3</depth>
	</size>
	<segmented>0</segmented>
	<object>
		<name>Weeds</name>
		<pose>Unspecified</pose>
		<truncated>0</truncated>
		<difficult>0</difficult>
		<occluded>0</occluded>
		<bndbox>
			<xmin>260</xmin>
			<xmax>449</xmax>
			<ymin>224</ymin>
			<ymax>383</ymax>
		</bndbox>
	</object>
</annotation>
