<annotation>
	<folder></folder>
	<filename>20210907_153931_x264_mp4-879_jpg.rf.ddfac2b7b4a0d1ff38de73b1af8385ef.jpg</filename>
	<path>20210907_153931_x264_mp4-879_jpg.rf.ddfac2b7b4a0d1ff38de73b1af8385ef.jpg</path>
	<source>
		<database>roboflow.com</database>
	</source>
	<size>
		<width>640</width>
		<height>640</height>
		<depth>3</depth>
	</size>
	<segmented>0</segmented>
	<object>
		<name>Weeds</name>
		<pose>Unspecified</pose>
		<truncated>0</truncated>
		<difficult>0</difficult>
		<occluded>0</occluded>
		<bndbox>
			<xmin>3</xmin>
			<xmax>561</xmax>
			<ymin>209</ymin>
			<ymax>563</ymax>
		</bndbox>
	</object>
</annotation>
