<annotation>
	<folder></folder>
	<filename>20210907_153931_x264_mp4-1423_jpg.rf.0931c9b4c5e2800242194ad201119210.jpg</filename>
	<path>20210907_153931_x264_mp4-1423_jpg.rf.0931c9b4c5e2800242194ad201119210.jpg</path>
	<source>
		<database>roboflow.com</database>
	</source>
	<size>
		<width>640</width>
		<height>640</height>
		<depth>3</depth>
	</size>
	<segmented>0</segmented>
	<object>
		<name>Weeds</name>
		<pose>Unspecified</pose>
		<truncated>0</truncated>
		<difficult>0</difficult>
		<occluded>0</occluded>
		<bndbox>
			<xmin>257</xmin>
			<xmax>420</xmax>
			<ymin>283</ymin>
			<ymax>392</ymax>
		</bndbox>
	</object>
</annotation>
