<annotation>
	<folder></folder>
	<filename>20210907_153931_x264_mp4-47_jpg.rf.14d78c7ad119f29094294d9528157b36.jpg</filename>
	<path>20210907_153931_x264_mp4-47_jpg.rf.14d78c7ad119f29094294d9528157b36.jpg</path>
	<source>
		<database>roboflow.com</database>
	</source>
	<size>
		<width>640</width>
		<height>640</height>
		<depth>3</depth>
	</size>
	<segmented>0</segmented>
	<object>
		<name>Weeds</name>
		<pose>Unspecified</pose>
		<truncated>0</truncated>
		<difficult>0</difficult>
		<occluded>0</occluded>
		<bndbox>
			<xmin>229</xmin>
			<xmax>447</xmax>
			<ymin>46</ymin>
			<ymax>264</ymax>
		</bndbox>
	</object>
</annotation>
