<annotation>
	<folder></folder>
	<filename>20210907_153931_x264_mp4-1442_jpg.rf.4357c04b7f0da9d49ab0e82f19d0519e.jpg</filename>
	<path>20210907_153931_x264_mp4-1442_jpg.rf.4357c04b7f0da9d49ab0e82f19d0519e.jpg</path>
	<source>
		<database>roboflow.com</database>
	</source>
	<size>
		<width>640</width>
		<height>640</height>
		<depth>3</depth>
	</size>
	<segmented>0</segmented>
	<object>
		<name>Weeds</name>
		<pose>Unspecified</pose>
		<truncated>0</truncated>
		<difficult>0</difficult>
		<occluded>0</occluded>
		<bndbox>
			<xmin>177</xmin>
			<xmax>291</xmax>
			<ymin>264</ymin>
			<ymax>373</ymax>
		</bndbox>
	</object>
	<object>
		<name>Weeds</name>
		<pose>Unspecified</pose>
		<truncated>0</truncated>
		<difficult>0</difficult>
		<occluded>0</occluded>
		<bndbox>
			<xmin>591</xmin>
			<xmax>640</xmax>
			<ymin>284</ymin>
			<ymax>361</ymax>
		</bndbox>
	</object>
	<object>
		<name>Weeds</name>
		<pose>Unspecified</pose>
		<truncated>0</truncated>
		<difficult>0</difficult>
		<occluded>0</occluded>
		<bndbox>
			<xmin>7</xmin>
			<xmax>164</xmax>
			<ymin>251</ymin>
			<ymax>397</ymax>
		</bndbox>
	</object>
	<object>
		<name>Weeds</name>
		<pose>Unspecified</pose>
		<truncated>0</truncated>
		<difficult>0</difficult>
		<occluded>0</occluded>
		<bndbox>
			<xmin>341</xmin>
			<xmax>450</xmax>
			<ymin>275</ymin>
			<ymax>384</ymax>
		</bndbox>
	</object>
	<object>
		<name>Weeds</name>
		<pose>Unspecified</pose>
		<truncated>0</truncated>
		<difficult>0</difficult>
		<occluded>0</occluded>
		<bndbox>
			<xmin>249</xmin>
			<xmax>475</xmax>
			<ymin>306</ymin>
			<ymax>498</ymax>
		</bndbox>
	</object>
</annotation>
