<annotation>
	<folder></folder>
	<filename>20210907_153931_x264_mp4-643_jpg.rf.64887da022216bb841b584e776406da1.jpg</filename>
	<path>20210907_153931_x264_mp4-643_jpg.rf.64887da022216bb841b584e776406da1.jpg</path>
	<source>
		<database>roboflow.com</database>
	</source>
	<size>
		<width>640</width>
		<height>640</height>
		<depth>3</depth>
	</size>
	<segmented>0</segmented>
	<object>
		<name>Weeds</name>
		<pose>Unspecified</pose>
		<truncated>0</truncated>
		<difficult>0</difficult>
		<occluded>0</occluded>
		<bndbox>
			<xmin>452</xmin>
			<xmax>550</xmax>
			<ymin>403</ymin>
			<ymax>490</ymax>
		</bndbox>
	</object>
	<object>
		<name>Weeds</name>
		<pose>Unspecified</pose>
		<truncated>0</truncated>
		<difficult>0</difficult>
		<occluded>0</occluded>
		<bndbox>
			<xmin>152</xmin>
			<xmax>303</xmax>
			<ymin>367</ymin>
			<ymax>530</ymax>
		</bndbox>
	</object>
	<object>
		<name>Weeds</name>
		<pose>Unspecified</pose>
		<truncated>0</truncated>
		<difficult>0</difficult>
		<occluded>0</occluded>
		<bndbox>
			<xmin>433</xmin>
			<xmax>558</xmax>
			<ymin>217</ymin>
			<ymax>343</ymax>
		</bndbox>
	</object>
	<object>
		<name>Weeds</name>
		<pose>Unspecified</pose>
		<truncated>0</truncated>
		<difficult>0</difficult>
		<occluded>0</occluded>
		<bndbox>
			<xmin>593</xmin>
			<xmax>632</xmax>
			<ymin>378</ymin>
			<ymax>406</ymax>
		</bndbox>
	</object>
</annotation>
