<annotation>
	<folder></folder>
	<filename>20210907_153931_x264_mp4-918_jpg.rf.55cb7e069d4a69d51c4ba78672f5d24a.jpg</filename>
	<path>20210907_153931_x264_mp4-918_jpg.rf.55cb7e069d4a69d51c4ba78672f5d24a.jpg</path>
	<source>
		<database>roboflow.com</database>
	</source>
	<size>
		<width>640</width>
		<height>640</height>
		<depth>3</depth>
	</size>
	<segmented>0</segmented>
	<object>
		<name>Weeds</name>
		<pose>Unspecified</pose>
		<truncated>0</truncated>
		<difficult>0</difficult>
		<occluded>0</occluded>
		<bndbox>
			<xmin>358</xmin>
			<xmax>449</xmax>
			<ymin>503</ymin>
			<ymax>592</ymax>
		</bndbox>
	</object>
	<object>
		<name>Weeds</name>
		<pose>Unspecified</pose>
		<truncated>0</truncated>
		<difficult>0</difficult>
		<occluded>0</occluded>
		<bndbox>
			<xmin>157</xmin>
			<xmax>517</xmax>
			<ymin>157</ymin>
			<ymax>640</ymax>
		</bndbox>
	</object>
</annotation>
