<annotation>
	<folder></folder>
	<filename>20210907_153931_x264_mp4-1092_jpg.rf.d055dcb90d542dc1fdfe9c8badea4395.jpg</filename>
	<path>20210907_153931_x264_mp4-1092_jpg.rf.d055dcb90d542dc1fdfe9c8badea4395.jpg</path>
	<source>
		<database>roboflow.com</database>
	</source>
	<size>
		<width>640</width>
		<height>640</height>
		<depth>3</depth>
	</size>
	<segmented>0</segmented>
	<object>
		<name>Weeds</name>
		<pose>Unspecified</pose>
		<truncated>0</truncated>
		<difficult>0</difficult>
		<occluded>0</occluded>
		<bndbox>
			<xmin>270</xmin>
			<xmax>423</xmax>
			<ymin>238</ymin>
			<ymax>396</ymax>
		</bndbox>
	</object>
</annotation>
