<annotation>
	<folder></folder>
	<filename>20210907_153931_x264_mp4-171_jpg.rf.d31b85ae8ac4ff1333c745f11e6b0886.jpg</filename>
	<path>20210907_153931_x264_mp4-171_jpg.rf.d31b85ae8ac4ff1333c745f11e6b0886.jpg</path>
	<source>
		<database>roboflow.com</database>
	</source>
	<size>
		<width>640</width>
		<height>640</height>
		<depth>3</depth>
	</size>
	<segmented>0</segmented>
	<object>
		<name>Weeds</name>
		<pose>Unspecified</pose>
		<truncated>0</truncated>
		<difficult>0</difficult>
		<occluded>0</occluded>
		<bndbox>
			<xmin>281</xmin>
			<xmax>412</xmax>
			<ymin>286</ymin>
			<ymax>384</ymax>
		</bndbox>
	</object>
</annotation>
