<annotation>
	<folder></folder>
	<filename>20210907_153931_x264_mp4-155_jpg.rf.3b20bdcb9258ddc03afc14a3a73e1988.jpg</filename>
	<path>20210907_153931_x264_mp4-155_jpg.rf.3b20bdcb9258ddc03afc14a3a73e1988.jpg</path>
	<source>
		<database>roboflow.com</database>
	</source>
	<size>
		<width>640</width>
		<height>640</height>
		<depth>3</depth>
	</size>
	<segmented>0</segmented>
	<object>
		<name>Weeds</name>
		<pose>Unspecified</pose>
		<truncated>0</truncated>
		<difficult>0</difficult>
		<occluded>0</occluded>
		<bndbox>
			<xmin>232</xmin>
			<xmax>410</xmax>
			<ymin>186</ymin>
			<ymax>363</ymax>
		</bndbox>
	</object>
</annotation>
