<annotation>
	<folder></folder>
	<filename>20210907_153931_x264_mp4-1698_jpg.rf.66460ae2e1c59469148979e5bed118dd.jpg</filename>
	<path>20210907_153931_x264_mp4-1698_jpg.rf.66460ae2e1c59469148979e5bed118dd.jpg</path>
	<source>
		<database>roboflow.com</database>
	</source>
	<size>
		<width>640</width>
		<height>640</height>
		<depth>3</depth>
	</size>
	<segmented>0</segmented>
	<object>
		<name>Weeds</name>
		<pose>Unspecified</pose>
		<truncated>0</truncated>
		<difficult>0</difficult>
		<occluded>0</occluded>
		<bndbox>
			<xmin>30</xmin>
			<xmax>570</xmax>
			<ymin>124</ymin>
			<ymax>547</ymax>
		</bndbox>
	</object>
</annotation>
