<annotation>
	<folder></folder>
	<filename>20210907_153931_x264_mp4-512_jpg.rf.a0b8b34563ae74ec1a5ba70f4f1fc47f.jpg</filename>
	<path>20210907_153931_x264_mp4-512_jpg.rf.a0b8b34563ae74ec1a5ba70f4f1fc47f.jpg</path>
	<source>
		<database>roboflow.com</database>
	</source>
	<size>
		<width>640</width>
		<height>640</height>
		<depth>3</depth>
	</size>
	<segmented>0</segmented>
	<object>
		<name>Weeds</name>
		<pose>Unspecified</pose>
		<truncated>0</truncated>
		<difficult>0</difficult>
		<occluded>0</occluded>
		<bndbox>
			<xmin>1</xmin>
			<xmax>159</xmax>
			<ymin>318</ymin>
			<ymax>485</ymax>
		</bndbox>
	</object>
</annotation>
