<annotation>
	<folder></folder>
	<filename>20210907_153931_x264_mp4-1176_jpg.rf.8d8a402fd19fd55072a877f73e085802.jpg</filename>
	<path>20210907_153931_x264_mp4-1176_jpg.rf.8d8a402fd19fd55072a877f73e085802.jpg</path>
	<source>
		<database>roboflow.com</database>
	</source>
	<size>
		<width>640</width>
		<height>640</height>
		<depth>3</depth>
	</size>
	<segmented>0</segmented>
	<object>
		<name>Weeds</name>
		<pose>Unspecified</pose>
		<truncated>0</truncated>
		<difficult>0</difficult>
		<occluded>0</occluded>
		<bndbox>
			<xmin>184</xmin>
			<xmax>276</xmax>
			<ymin>178</ymin>
			<ymax>256</ymax>
		</bndbox>
	</object>
	<object>
		<name>Weeds</name>
		<pose>Unspecified</pose>
		<truncated>0</truncated>
		<difficult>0</difficult>
		<occluded>0</occluded>
		<bndbox>
			<xmin>201</xmin>
			<xmax>379</xmax>
			<ymin>203</ymin>
			<ymax>340</ymax>
		</bndbox>
	</object>
	<object>
		<name>Weeds</name>
		<pose>Unspecified</pose>
		<truncated>0</truncated>
		<difficult>0</difficult>
		<occluded>0</occluded>
		<bndbox>
			<xmin>529</xmin>
			<xmax>618</xmax>
			<ymin>284</ymin>
			<ymax>386</ymax>
		</bndbox>
	</object>
	<object>
		<name>Weeds</name>
		<pose>Unspecified</pose>
		<truncated>0</truncated>
		<difficult>0</difficult>
		<occluded>0</occluded>
		<bndbox>
			<xmin>461</xmin>
			<xmax>559</xmax>
			<ymin>293</ymin>
			<ymax>392</ymax>
		</bndbox>
	</object>
</annotation>
