<annotation>
	<folder></folder>
	<filename>20210907_153931_x264_mp4-207_jpg.rf.879d6c440fb1a4012f67dd312189b0d6.jpg</filename>
	<path>20210907_153931_x264_mp4-207_jpg.rf.879d6c440fb1a4012f67dd312189b0d6.jpg</path>
	<source>
		<database>roboflow.com</database>
	</source>
	<size>
		<width>640</width>
		<height>640</height>
		<depth>3</depth>
	</size>
	<segmented>0</segmented>
	<object>
		<name>Weeds</name>
		<pose>Unspecified</pose>
		<truncated>0</truncated>
		<difficult>0</difficult>
		<occluded>0</occluded>
		<bndbox>
			<xmin>401</xmin>
			<xmax>515</xmax>
			<ymin>461</ymin>
			<ymax>563</ymax>
		</bndbox>
	</object>
	<object>
		<name>Weeds</name>
		<pose>Unspecified</pose>
		<truncated>0</truncated>
		<difficult>0</difficult>
		<occluded>0</occluded>
		<bndbox>
			<xmin>384</xmin>
			<xmax>516</xmax>
			<ymin>204</ymin>
			<ymax>290</ymax>
		</bndbox>
	</object>
	<object>
		<name>Weeds</name>
		<pose>Unspecified</pose>
		<truncated>0</truncated>
		<difficult>0</difficult>
		<occluded>0</occluded>
		<bndbox>
			<xmin>90</xmin>
			<xmax>403</xmax>
			<ymin>146</ymin>
			<ymax>493</ymax>
		</bndbox>
	</object>
</annotation>
