<annotation>
	<folder></folder>
	<filename>20210907_153931_x264_mp4-265_jpg.rf.18f8d2672b79b2a5f629b8125f78beca.jpg</filename>
	<path>20210907_153931_x264_mp4-265_jpg.rf.18f8d2672b79b2a5f629b8125f78beca.jpg</path>
	<source>
		<database>roboflow.com</database>
	</source>
	<size>
		<width>640</width>
		<height>640</height>
		<depth>3</depth>
	</size>
	<segmented>0</segmented>
	<object>
		<name>Weeds</name>
		<pose>Unspecified</pose>
		<truncated>0</truncated>
		<difficult>0</difficult>
		<occluded>0</occluded>
		<bndbox>
			<xmin>375</xmin>
			<xmax>456</xmax>
			<ymin>276</ymin>
			<ymax>398</ymax>
		</bndbox>
	</object>
</annotation>
