<annotation>
	<folder></folder>
	<filename>20210907_153931_x264_mp4-250_jpg.rf.d21ec3512d1b4e074beb75d71d8f2159.jpg</filename>
	<path>20210907_153931_x264_mp4-250_jpg.rf.d21ec3512d1b4e074beb75d71d8f2159.jpg</path>
	<source>
		<database>roboflow.com</database>
	</source>
	<size>
		<width>640</width>
		<height>640</height>
		<depth>3</depth>
	</size>
	<segmented>0</segmented>
	<object>
		<name>Weeds</name>
		<pose>Unspecified</pose>
		<truncated>0</truncated>
		<difficult>0</difficult>
		<occluded>0</occluded>
		<bndbox>
			<xmin>57</xmin>
			<xmax>88</xmax>
			<ymin>523</ymin>
			<ymax>557</ymax>
		</bndbox>
	</object>
	<object>
		<name>Weeds</name>
		<pose>Unspecified</pose>
		<truncated>0</truncated>
		<difficult>0</difficult>
		<occluded>0</occluded>
		<bndbox>
			<xmin>169</xmin>
			<xmax>213</xmax>
			<ymin>224</ymin>
			<ymax>263</ymax>
		</bndbox>
	</object>
	<object>
		<name>Weeds</name>
		<pose>Unspecified</pose>
		<truncated>0</truncated>
		<difficult>0</difficult>
		<occluded>0</occluded>
		<bndbox>
			<xmin>183</xmin>
			<xmax>363</xmax>
			<ymin>231</ymin>
			<ymax>397</ymax>
		</bndbox>
	</object>
</annotation>
