<annotation>
	<folder></folder>
	<filename>20210907_153931_x264_mp4-67_jpg.rf.4afd5c3531de4ce47f3bf4f7e044c7d9.jpg</filename>
	<path>20210907_153931_x264_mp4-67_jpg.rf.4afd5c3531de4ce47f3bf4f7e044c7d9.jpg</path>
	<source>
		<database>roboflow.com</database>
	</source>
	<size>
		<width>640</width>
		<height>640</height>
		<depth>3</depth>
	</size>
	<segmented>0</segmented>
	<object>
		<name>Weeds</name>
		<pose>Unspecified</pose>
		<truncated>0</truncated>
		<difficult>0</difficult>
		<occluded>0</occluded>
		<bndbox>
			<xmin>192</xmin>
			<xmax>392</xmax>
			<ymin>197</ymin>
			<ymax>343</ymax>
		</bndbox>
	</object>
</annotation>
