<annotation>
	<folder></folder>
	<filename>20210907_153931_x264_mp4-122_jpg.rf.a00efcf71498cb71e06bddb983a30bff.jpg</filename>
	<path>20210907_153931_x264_mp4-122_jpg.rf.a00efcf71498cb71e06bddb983a30bff.jpg</path>
	<source>
		<database>roboflow.com</database>
	</source>
	<size>
		<width>640</width>
		<height>640</height>
		<depth>3</depth>
	</size>
	<segmented>0</segmented>
	<object>
		<name>Weeds</name>
		<pose>Unspecified</pose>
		<truncated>0</truncated>
		<difficult>0</difficult>
		<occluded>0</occluded>
		<bndbox>
			<xmin>234</xmin>
			<xmax>391</xmax>
			<ymin>238</ymin>
			<ymax>384</ymax>
		</bndbox>
	</object>
</annotation>
