<annotation>
	<folder></folder>
	<filename>20210907_153931_x264_mp4-156_jpg.rf.886fa640547effeedc2e6d97b57416e3.jpg</filename>
	<path>20210907_153931_x264_mp4-156_jpg.rf.886fa640547effeedc2e6d97b57416e3.jpg</path>
	<source>
		<database>roboflow.com</database>
	</source>
	<size>
		<width>640</width>
		<height>640</height>
		<depth>3</depth>
	</size>
	<segmented>0</segmented>
	<object>
		<name>Weeds</name>
		<pose>Unspecified</pose>
		<truncated>0</truncated>
		<difficult>0</difficult>
		<occluded>0</occluded>
		<bndbox>
			<xmin>183</xmin>
			<xmax>361</xmax>
			<ymin>162</ymin>
			<ymax>335</ymax>
		</bndbox>
	</object>
</annotation>
