<annotation>
	<folder></folder>
	<filename>20210907_153931_x264_mp4-428_jpg.rf.1579ad2a98e973bcc1e2d50f55ce2390.jpg</filename>
	<path>20210907_153931_x264_mp4-428_jpg.rf.1579ad2a98e973bcc1e2d50f55ce2390.jpg</path>
	<source>
		<database>roboflow.com</database>
	</source>
	<size>
		<width>640</width>
		<height>640</height>
		<depth>3</depth>
	</size>
	<segmented>0</segmented>
	<object>
		<name>Weeds</name>
		<pose>Unspecified</pose>
		<truncated>0</truncated>
		<difficult>0</difficult>
		<occluded>0</occluded>
		<bndbox>
			<xmin>194</xmin>
			<xmax>443</xmax>
			<ymin>190</ymin>
			<ymax>395</ymax>
		</bndbox>
	</object>
</annotation>
