<annotation>
	<folder></folder>
	<filename>20210907_153931_x264_mp4-773_jpg.rf.42de5cfaf20b3d9bead048cdb7d78cb0.jpg</filename>
	<path>20210907_153931_x264_mp4-773_jpg.rf.42de5cfaf20b3d9bead048cdb7d78cb0.jpg</path>
	<source>
		<database>roboflow.com</database>
	</source>
	<size>
		<width>640</width>
		<height>640</height>
		<depth>3</depth>
	</size>
	<segmented>0</segmented>
	<object>
		<name>Weeds</name>
		<pose>Unspecified</pose>
		<truncated>0</truncated>
		<difficult>0</difficult>
		<occluded>0</occluded>
		<bndbox>
			<xmin>361</xmin>
			<xmax>601</xmax>
			<ymin>1</ymin>
			<ymax>123</ymax>
		</bndbox>
	</object>
	<object>
		<name>Weeds</name>
		<pose>Unspecified</pose>
		<truncated>0</truncated>
		<difficult>0</difficult>
		<occluded>0</occluded>
		<bndbox>
			<xmin>100</xmin>
			<xmax>429</xmax>
			<ymin>52</ymin>
			<ymax>404</ymax>
		</bndbox>
	</object>
</annotation>
