<annotation>
	<folder></folder>
	<filename>20210907_153931_x264_mp4-464_jpg.rf.e6caa1c697d5ddbaef8c87f7a75056db.jpg</filename>
	<path>20210907_153931_x264_mp4-464_jpg.rf.e6caa1c697d5ddbaef8c87f7a75056db.jpg</path>
	<source>
		<database>roboflow.com</database>
	</source>
	<size>
		<width>640</width>
		<height>640</height>
		<depth>3</depth>
	</size>
	<segmented>0</segmented>
	<object>
		<name>Weeds</name>
		<pose>Unspecified</pose>
		<truncated>0</truncated>
		<difficult>0</difficult>
		<occluded>0</occluded>
		<bndbox>
			<xmin>329</xmin>
			<xmax>435</xmax>
			<ymin>57</ymin>
			<ymax>203</ymax>
		</bndbox>
	</object>
</annotation>
