<annotation>
	<folder></folder>
	<filename>20210907_153931_x264_mp4-875_jpg.rf.48c925806d2ca5764e72738adbf2d77d.jpg</filename>
	<path>20210907_153931_x264_mp4-875_jpg.rf.48c925806d2ca5764e72738adbf2d77d.jpg</path>
	<source>
		<database>roboflow.com</database>
	</source>
	<size>
		<width>640</width>
		<height>640</height>
		<depth>3</depth>
	</size>
	<segmented>0</segmented>
	<object>
		<name>Weeds</name>
		<pose>Unspecified</pose>
		<truncated>0</truncated>
		<difficult>0</difficult>
		<occluded>0</occluded>
		<bndbox>
			<xmin>4</xmin>
			<xmax>578</xmax>
			<ymin>117</ymin>
			<ymax>537</ymax>
		</bndbox>
	</object>
</annotation>
