<annotation>
	<folder></folder>
	<filename>20210907_153931_x264_mp4-1433_jpg.rf.be06074cce89cc91aeaa572f3166ef4d.jpg</filename>
	<path>20210907_153931_x264_mp4-1433_jpg.rf.be06074cce89cc91aeaa572f3166ef4d.jpg</path>
	<source>
		<database>roboflow.com</database>
	</source>
	<size>
		<width>640</width>
		<height>640</height>
		<depth>3</depth>
	</size>
	<segmented>0</segmented>
	<object>
		<name>Weeds</name>
		<pose>Unspecified</pose>
		<truncated>0</truncated>
		<difficult>0</difficult>
		<occluded>0</occluded>
		<bndbox>
			<xmin>180</xmin>
			<xmax>554</xmax>
			<ymin>206</ymin>
			<ymax>450</ymax>
		</bndbox>
	</object>
</annotation>
