<annotation>
	<folder></folder>
	<filename>20210907_153931_x264_mp4-800_jpg.rf.37df92ddf6cafd514171f21af511e44e.jpg</filename>
	<path>20210907_153931_x264_mp4-800_jpg.rf.37df92ddf6cafd514171f21af511e44e.jpg</path>
	<source>
		<database>roboflow.com</database>
	</source>
	<size>
		<width>640</width>
		<height>640</height>
		<depth>3</depth>
	</size>
	<segmented>0</segmented>
	<object>
		<name>Weeds</name>
		<pose>Unspecified</pose>
		<truncated>0</truncated>
		<difficult>0</difficult>
		<occluded>0</occluded>
		<bndbox>
			<xmin>367</xmin>
			<xmax>566</xmax>
			<ymin>174</ymin>
			<ymax>357</ymax>
		</bndbox>
	</object>
	<object>
		<name>Weeds</name>
		<pose>Unspecified</pose>
		<truncated>0</truncated>
		<difficult>0</difficult>
		<occluded>0</occluded>
		<bndbox>
			<xmin>64</xmin>
			<xmax>493</xmax>
			<ymin>194</ymin>
			<ymax>640</ymax>
		</bndbox>
	</object>
</annotation>
