<annotation>
	<folder></folder>
	<filename>20210907_153931_x264_mp4-1273_jpg.rf.e363ab6576f735b808d3936fdc17cc64.jpg</filename>
	<path>20210907_153931_x264_mp4-1273_jpg.rf.e363ab6576f735b808d3936fdc17cc64.jpg</path>
	<source>
		<database>roboflow.com</database>
	</source>
	<size>
		<width>640</width>
		<height>640</height>
		<depth>3</depth>
	</size>
	<segmented>0</segmented>
	<object>
		<name>Weeds</name>
		<pose>Unspecified</pose>
		<truncated>0</truncated>
		<difficult>0</difficult>
		<occluded>0</occluded>
		<bndbox>
			<xmin>358</xmin>
			<xmax>635</xmax>
			<ymin>201</ymin>
			<ymax>549</ymax>
		</bndbox>
	</object>
</annotation>
