<annotation>
	<folder></folder>
	<filename>20210907_153931_x264_mp4-372_jpg.rf.728b0832f8cb68a131c63eafd6472e27.jpg</filename>
	<path>20210907_153931_x264_mp4-372_jpg.rf.728b0832f8cb68a131c63eafd6472e27.jpg</path>
	<source>
		<database>roboflow.com</database>
	</source>
	<size>
		<width>640</width>
		<height>640</height>
		<depth>3</depth>
	</size>
	<segmented>0</segmented>
	<object>
		<name>Weeds</name>
		<pose>Unspecified</pose>
		<truncated>0</truncated>
		<difficult>0</difficult>
		<occluded>0</occluded>
		<bndbox>
			<xmin>175</xmin>
			<xmax>210</xmax>
			<ymin>514</ymin>
			<ymax>571</ymax>
		</bndbox>
	</object>
	<object>
		<name>Weeds</name>
		<pose>Unspecified</pose>
		<truncated>0</truncated>
		<difficult>0</difficult>
		<occluded>0</occluded>
		<bndbox>
			<xmin>461</xmin>
			<xmax>481</xmax>
			<ymin>161</ymin>
			<ymax>183</ymax>
		</bndbox>
	</object>
	<object>
		<name>Weeds</name>
		<pose>Unspecified</pose>
		<truncated>0</truncated>
		<difficult>0</difficult>
		<occluded>0</occluded>
		<bndbox>
			<xmin>361</xmin>
			<xmax>427</xmax>
			<ymin>338</ymin>
			<ymax>399</ymax>
		</bndbox>
	</object>
</annotation>
