<annotation>
	<folder></folder>
	<filename>20210907_153931_x264_mp4-1645_jpg.rf.611e9efbaf9859a8b6232f917c2e8665.jpg</filename>
	<path>20210907_153931_x264_mp4-1645_jpg.rf.611e9efbaf9859a8b6232f917c2e8665.jpg</path>
	<source>
		<database>roboflow.com</database>
	</source>
	<size>
		<width>640</width>
		<height>640</height>
		<depth>3</depth>
	</size>
	<segmented>0</segmented>
	<object>
		<name>Weeds</name>
		<pose>Unspecified</pose>
		<truncated>0</truncated>
		<difficult>0</difficult>
		<occluded>0</occluded>
		<bndbox>
			<xmin>155</xmin>
			<xmax>486</xmax>
			<ymin>314</ymin>
			<ymax>597</ymax>
		</bndbox>
	</object>
	<object>
		<name>Weeds</name>
		<pose>Unspecified</pose>
		<truncated>0</truncated>
		<difficult>0</difficult>
		<occluded>0</occluded>
		<bndbox>
			<xmin>126</xmin>
			<xmax>532</xmax>
			<ymin>1</ymin>
			<ymax>275</ymax>
		</bndbox>
	</object>
</annotation>
