<annotation>
	<folder></folder>
	<filename>20210907_153931_x264_mp4-1491_jpg.rf.b3987c91f30ced8cfbbe073c25e3a7f4.jpg</filename>
	<path>20210907_153931_x264_mp4-1491_jpg.rf.b3987c91f30ced8cfbbe073c25e3a7f4.jpg</path>
	<source>
		<database>roboflow.com</database>
	</source>
	<size>
		<width>640</width>
		<height>640</height>
		<depth>3</depth>
	</size>
	<segmented>0</segmented>
	<object>
		<name>Weeds</name>
		<pose>Unspecified</pose>
		<truncated>0</truncated>
		<difficult>0</difficult>
		<occluded>0</occluded>
		<bndbox>
			<xmin>296</xmin>
			<xmax>449</xmax>
			<ymin>210</ymin>
			<ymax>358</ymax>
		</bndbox>
	</object>
	<object>
		<name>Weeds</name>
		<pose>Unspecified</pose>
		<truncated>0</truncated>
		<difficult>0</difficult>
		<occluded>0</occluded>
		<bndbox>
			<xmin>70</xmin>
			<xmax>227</xmax>
			<ymin>218</ymin>
			<ymax>361</ymax>
		</bndbox>
	</object>
	<object>
		<name>Weeds</name>
		<pose>Unspecified</pose>
		<truncated>0</truncated>
		<difficult>0</difficult>
		<occluded>0</occluded>
		<bndbox>
			<xmin>459</xmin>
			<xmax>561</xmax>
			<ymin>252</ymin>
			<ymax>350</ymax>
		</bndbox>
	</object>
	<object>
		<name>Weeds</name>
		<pose>Unspecified</pose>
		<truncated>0</truncated>
		<difficult>0</difficult>
		<occluded>0</occluded>
		<bndbox>
			<xmin>175</xmin>
			<xmax>484</xmax>
			<ymin>258</ymin>
			<ymax>516</ymax>
		</bndbox>
	</object>
</annotation>
