<annotation>
	<folder></folder>
	<filename>20210907_153931_x264_mp4-1299_jpg.rf.46f52009d10c89b132c9d3c88c786d43.jpg</filename>
	<path>20210907_153931_x264_mp4-1299_jpg.rf.46f52009d10c89b132c9d3c88c786d43.jpg</path>
	<source>
		<database>roboflow.com</database>
	</source>
	<size>
		<width>640</width>
		<height>640</height>
		<depth>3</depth>
	</size>
	<segmented>0</segmented>
	<object>
		<name>Weeds</name>
		<pose>Unspecified</pose>
		<truncated>0</truncated>
		<difficult>0</difficult>
		<occluded>0</occluded>
		<bndbox>
			<xmin>221</xmin>
			<xmax>516</xmax>
			<ymin>141</ymin>
			<ymax>493</ymax>
		</bndbox>
	</object>
</annotation>
