<annotation>
	<folder></folder>
	<filename>20210907_153931_x264_mp4-255_jpg.rf.4910cbcc885b28d589c7774f3d051feb.jpg</filename>
	<path>20210907_153931_x264_mp4-255_jpg.rf.4910cbcc885b28d589c7774f3d051feb.jpg</path>
	<source>
		<database>roboflow.com</database>
	</source>
	<size>
		<width>640</width>
		<height>640</height>
		<depth>3</depth>
	</size>
	<segmented>0</segmented>
	<object>
		<name>Weeds</name>
		<pose>Unspecified</pose>
		<truncated>0</truncated>
		<difficult>0</difficult>
		<occluded>0</occluded>
		<bndbox>
			<xmin>335</xmin>
			<xmax>424</xmax>
			<ymin>604</ymin>
			<ymax>640</ymax>
		</bndbox>
	</object>
	<object>
		<name>Weeds</name>
		<pose>Unspecified</pose>
		<truncated>0</truncated>
		<difficult>0</difficult>
		<occluded>0</occluded>
		<bndbox>
			<xmin>3</xmin>
			<xmax>143</xmax>
			<ymin>209</ymin>
			<ymax>375</ymax>
		</bndbox>
	</object>
	<object>
		<name>Weeds</name>
		<pose>Unspecified</pose>
		<truncated>0</truncated>
		<difficult>0</difficult>
		<occluded>0</occluded>
		<bndbox>
			<xmin>450</xmin>
			<xmax>512</xmax>
			<ymin>323</ymin>
			<ymax>381</ymax>
		</bndbox>
	</object>
</annotation>
