<annotation>
	<folder></folder>
	<filename>20210907_153931_x264_mp4-1750_jpg.rf.8a5b0fca63213103dd5a1c39626f3b5e.jpg</filename>
	<path>20210907_153931_x264_mp4-1750_jpg.rf.8a5b0fca63213103dd5a1c39626f3b5e.jpg</path>
	<source>
		<database>roboflow.com</database>
	</source>
	<size>
		<width>640</width>
		<height>640</height>
		<depth>3</depth>
	</size>
	<segmented>0</segmented>
	<object>
		<name>Weeds</name>
		<pose>Unspecified</pose>
		<truncated>0</truncated>
		<difficult>0</difficult>
		<occluded>0</occluded>
		<bndbox>
			<xmin>187</xmin>
			<xmax>409</xmax>
			<ymin>235</ymin>
			<ymax>419</ymax>
		</bndbox>
	</object>
</annotation>
