<annotation>
	<folder></folder>
	<filename>20210907_153931_x264_mp4-1229_jpg.rf.b4938a68cd47009c9a6b0843feae1512.jpg</filename>
	<path>20210907_153931_x264_mp4-1229_jpg.rf.b4938a68cd47009c9a6b0843feae1512.jpg</path>
	<source>
		<database>roboflow.com</database>
	</source>
	<size>
		<width>640</width>
		<height>640</height>
		<depth>3</depth>
	</size>
	<segmented>0</segmented>
	<object>
		<name>Weeds</name>
		<pose>Unspecified</pose>
		<truncated>0</truncated>
		<difficult>0</difficult>
		<occluded>0</occluded>
		<bndbox>
			<xmin>183</xmin>
			<xmax>552</xmax>
			<ymin>49</ymin>
			<ymax>380</ymax>
		</bndbox>
	</object>
</annotation>
