<annotation>
	<folder></folder>
	<filename>20210907_153931_x264_mp4-719_jpg.rf.b3f3be72d08a5424a71c152b644d427c.jpg</filename>
	<path>20210907_153931_x264_mp4-719_jpg.rf.b3f3be72d08a5424a71c152b644d427c.jpg</path>
	<source>
		<database>roboflow.com</database>
	</source>
	<size>
		<width>640</width>
		<height>640</height>
		<depth>3</depth>
	</size>
	<segmented>0</segmented>
	<object>
		<name>Weeds</name>
		<pose>Unspecified</pose>
		<truncated>0</truncated>
		<difficult>0</difficult>
		<occluded>0</occluded>
		<bndbox>
			<xmin>119</xmin>
			<xmax>312</xmax>
			<ymin>381</ymin>
			<ymax>563</ymax>
		</bndbox>
	</object>
	<object>
		<name>Weeds</name>
		<pose>Unspecified</pose>
		<truncated>0</truncated>
		<difficult>0</difficult>
		<occluded>0</occluded>
		<bndbox>
			<xmin>184</xmin>
			<xmax>335</xmax>
			<ymin>131</ymin>
			<ymax>294</ymax>
		</bndbox>
	</object>
</annotation>
