<annotation>
	<folder></folder>
	<filename>20210907_153931_x264_mp4-117_jpg.rf.2d85444d435190fbdc56756dc7fdbad5.jpg</filename>
	<path>20210907_153931_x264_mp4-117_jpg.rf.2d85444d435190fbdc56756dc7fdbad5.jpg</path>
	<source>
		<database>roboflow.com</database>
	</source>
	<size>
		<width>640</width>
		<height>640</height>
		<depth>3</depth>
	</size>
	<segmented>0</segmented>
	<object>
		<name>Weeds</name>
		<pose>Unspecified</pose>
		<truncated>0</truncated>
		<difficult>0</difficult>
		<occluded>0</occluded>
		<bndbox>
			<xmin>270</xmin>
			<xmax>378</xmax>
			<ymin>275</ymin>
			<ymax>364</ymax>
		</bndbox>
	</object>
</annotation>
