<annotation>
	<folder></folder>
	<filename>20210907_153931_x264_mp4-1629_jpg.rf.2333b8a2d17aeecdb7edc70e7a2266a5.jpg</filename>
	<path>20210907_153931_x264_mp4-1629_jpg.rf.2333b8a2d17aeecdb7edc70e7a2266a5.jpg</path>
	<source>
		<database>roboflow.com</database>
	</source>
	<size>
		<width>640</width>
		<height>640</height>
		<depth>3</depth>
	</size>
	<segmented>0</segmented>
	<object>
		<name>Weeds</name>
		<pose>Unspecified</pose>
		<truncated>0</truncated>
		<difficult>0</difficult>
		<occluded>0</occluded>
		<bndbox>
			<xmin>272</xmin>
			<xmax>463</xmax>
			<ymin>155</ymin>
			<ymax>336</ymax>
		</bndbox>
	</object>
	<object>
		<name>Weeds</name>
		<pose>Unspecified</pose>
		<truncated>0</truncated>
		<difficult>0</difficult>
		<occluded>0</occluded>
		<bndbox>
			<xmin>293</xmin>
			<xmax>441</xmax>
			<ymin>366</ymin>
			<ymax>500</ymax>
		</bndbox>
	</object>
	<object>
		<name>Weeds</name>
		<pose>Unspecified</pose>
		<truncated>0</truncated>
		<difficult>0</difficult>
		<occluded>0</occluded>
		<bndbox>
			<xmin>517</xmin>
			<xmax>640</xmax>
			<ymin>398</ymin>
			<ymax>482</ymax>
		</bndbox>
	</object>
</annotation>
