<annotation>
	<folder></folder>
	<filename>20210907_153931_x264_mp4-323_jpg.rf.9dcc3b6be3f5c2ce8a4a903bfc7f8d59.jpg</filename>
	<path>20210907_153931_x264_mp4-323_jpg.rf.9dcc3b6be3f5c2ce8a4a903bfc7f8d59.jpg</path>
	<source>
		<database>roboflow.com</database>
	</source>
	<size>
		<width>640</width>
		<height>640</height>
		<depth>3</depth>
	</size>
	<segmented>0</segmented>
	<object>
		<name>Weeds</name>
		<pose>Unspecified</pose>
		<truncated>0</truncated>
		<difficult>0</difficult>
		<occluded>0</occluded>
		<bndbox>
			<xmin>44</xmin>
			<xmax>558</xmax>
			<ymin>118</ymin>
			<ymax>499</ymax>
		</bndbox>
	</object>
</annotation>
