<annotation>
	<folder></folder>
	<filename>20210907_153931_x264_mp4-640_jpg.rf.48150a50380c831429609f7b5a8e1f12.jpg</filename>
	<path>20210907_153931_x264_mp4-640_jpg.rf.48150a50380c831429609f7b5a8e1f12.jpg</path>
	<source>
		<database>roboflow.com</database>
	</source>
	<size>
		<width>640</width>
		<height>640</height>
		<depth>3</depth>
	</size>
	<segmented>0</segmented>
	<object>
		<name>Weeds</name>
		<pose>Unspecified</pose>
		<truncated>0</truncated>
		<difficult>0</difficult>
		<occluded>0</occluded>
		<bndbox>
			<xmin>600</xmin>
			<xmax>637</xmax>
			<ymin>444</ymin>
			<ymax>476</ymax>
		</bndbox>
	</object>
	<object>
		<name>Weeds</name>
		<pose>Unspecified</pose>
		<truncated>0</truncated>
		<difficult>0</difficult>
		<occluded>0</occluded>
		<bndbox>
			<xmin>163</xmin>
			<xmax>304</xmax>
			<ymin>403</ymin>
			<ymax>569</ymax>
		</bndbox>
	</object>
	<object>
		<name>Weeds</name>
		<pose>Unspecified</pose>
		<truncated>0</truncated>
		<difficult>0</difficult>
		<occluded>0</occluded>
		<bndbox>
			<xmin>453</xmin>
			<xmax>549</xmax>
			<ymin>453</ymin>
			<ymax>546</ymax>
		</bndbox>
	</object>
	<object>
		<name>Weeds</name>
		<pose>Unspecified</pose>
		<truncated>0</truncated>
		<difficult>0</difficult>
		<occluded>0</occluded>
		<bndbox>
			<xmin>449</xmin>
			<xmax>580</xmax>
			<ymin>281</ymin>
			<ymax>398</ymax>
		</bndbox>
	</object>
</annotation>
