<annotation>
	<folder></folder>
	<filename>20210907_153931_x264_mp4-1840_jpg.rf.a577a54f8a9b385094bce8aebe8dedf0.jpg</filename>
	<path>20210907_153931_x264_mp4-1840_jpg.rf.a577a54f8a9b385094bce8aebe8dedf0.jpg</path>
	<source>
		<database>roboflow.com</database>
	</source>
	<size>
		<width>640</width>
		<height>640</height>
		<depth>3</depth>
	</size>
	<segmented>0</segmented>
	<object>
		<name>Weeds</name>
		<pose>Unspecified</pose>
		<truncated>0</truncated>
		<difficult>0</difficult>
		<occluded>0</occluded>
		<bndbox>
			<xmin>152</xmin>
			<xmax>492</xmax>
			<ymin>176</ymin>
			<ymax>484</ymax>
		</bndbox>
	</object>
</annotation>
