<annotation>
	<folder></folder>
	<filename>20210907_153931_x264_mp4-358_jpg.rf.d76abf9b5ee08b3562f85620b5822858.jpg</filename>
	<path>20210907_153931_x264_mp4-358_jpg.rf.d76abf9b5ee08b3562f85620b5822858.jpg</path>
	<source>
		<database>roboflow.com</database>
	</source>
	<size>
		<width>640</width>
		<height>640</height>
		<depth>3</depth>
	</size>
	<segmented>0</segmented>
	<object>
		<name>Weeds</name>
		<pose>Unspecified</pose>
		<truncated>0</truncated>
		<difficult>0</difficult>
		<occluded>0</occluded>
		<bndbox>
			<xmin>206</xmin>
			<xmax>381</xmax>
			<ymin>224</ymin>
			<ymax>390</ymax>
		</bndbox>
	</object>
</annotation>
