<annotation>
	<folder></folder>
	<filename>20210907_153931_x264_mp4-1011_jpg.rf.f62475cf7d210994659a01663f9139ec.jpg</filename>
	<path>20210907_153931_x264_mp4-1011_jpg.rf.f62475cf7d210994659a01663f9139ec.jpg</path>
	<source>
		<database>roboflow.com</database>
	</source>
	<size>
		<width>640</width>
		<height>640</height>
		<depth>3</depth>
	</size>
	<segmented>0</segmented>
	<object>
		<name>Weeds</name>
		<pose>Unspecified</pose>
		<truncated>0</truncated>
		<difficult>0</difficult>
		<occluded>0</occluded>
		<bndbox>
			<xmin>170</xmin>
			<xmax>507</xmax>
			<ymin>114</ymin>
			<ymax>451</ymax>
		</bndbox>
	</object>
	<object>
		<name>Weeds</name>
		<pose>Unspecified</pose>
		<truncated>0</truncated>
		<difficult>0</difficult>
		<occluded>0</occluded>
		<bndbox>
			<xmin>543</xmin>
			<xmax>640</xmax>
			<ymin>193</ymin>
			<ymax>487</ymax>
		</bndbox>
	</object>
</annotation>
