<annotation>
	<folder></folder>
	<filename>20210907_153931_x264_mp4-1184_jpg.rf.bd1323ed8cd43fd99ba24e51b925f593.jpg</filename>
	<path>20210907_153931_x264_mp4-1184_jpg.rf.bd1323ed8cd43fd99ba24e51b925f593.jpg</path>
	<source>
		<database>roboflow.com</database>
	</source>
	<size>
		<width>640</width>
		<height>640</height>
		<depth>3</depth>
	</size>
	<segmented>0</segmented>
	<object>
		<name>Weeds</name>
		<pose>Unspecified</pose>
		<truncated>0</truncated>
		<difficult>0</difficult>
		<occluded>0</occluded>
		<bndbox>
			<xmin>503</xmin>
			<xmax>601</xmax>
			<ymin>416</ymin>
			<ymax>544</ymax>
		</bndbox>
	</object>
	<object>
		<name>Weeds</name>
		<pose>Unspecified</pose>
		<truncated>0</truncated>
		<difficult>0</difficult>
		<occluded>0</occluded>
		<bndbox>
			<xmin>132</xmin>
			<xmax>244</xmax>
			<ymin>449</ymin>
			<ymax>550</ymax>
		</bndbox>
	</object>
	<object>
		<name>Weeds</name>
		<pose>Unspecified</pose>
		<truncated>0</truncated>
		<difficult>0</difficult>
		<occluded>0</occluded>
		<bndbox>
			<xmin>94</xmin>
			<xmax>254</xmax>
			<ymin>140</ymin>
			<ymax>286</ymax>
		</bndbox>
	</object>
	<object>
		<name>Weeds</name>
		<pose>Unspecified</pose>
		<truncated>0</truncated>
		<difficult>0</difficult>
		<occluded>0</occluded>
		<bndbox>
			<xmin>129</xmin>
			<xmax>446</xmax>
			<ymin>187</ymin>
			<ymax>449</ymax>
		</bndbox>
	</object>
</annotation>
