<annotation>
	<folder></folder>
	<filename>20210907_153931_x264_mp4-1572_jpg.rf.baefb4fb5d2ab16e5208b2f8261f61b0.jpg</filename>
	<path>20210907_153931_x264_mp4-1572_jpg.rf.baefb4fb5d2ab16e5208b2f8261f61b0.jpg</path>
	<source>
		<database>roboflow.com</database>
	</source>
	<size>
		<width>640</width>
		<height>640</height>
		<depth>3</depth>
	</size>
	<segmented>0</segmented>
	<object>
		<name>Weeds</name>
		<pose>Unspecified</pose>
		<truncated>0</truncated>
		<difficult>0</difficult>
		<occluded>0</occluded>
		<bndbox>
			<xmin>303</xmin>
			<xmax>640</xmax>
			<ymin>261</ymin>
			<ymax>639</ymax>
		</bndbox>
	</object>
	<object>
		<name>Weeds</name>
		<pose>Unspecified</pose>
		<truncated>0</truncated>
		<difficult>0</difficult>
		<occluded>0</occluded>
		<bndbox>
			<xmin>58</xmin>
			<xmax>615</xmax>
			<ymin>1</ymin>
			<ymax>533</ymax>
		</bndbox>
	</object>
	<object>
		<name>Weeds</name>
		<pose>Unspecified</pose>
		<truncated>0</truncated>
		<difficult>0</difficult>
		<occluded>0</occluded>
		<bndbox>
			<xmin>1</xmin>
			<xmax>279</xmax>
			<ymin>208</ymin>
			<ymax>604</ymax>
		</bndbox>
	</object>
</annotation>
