<annotation>
	<folder></folder>
	<filename>20210907_153931_x264_mp4-1082_jpg.rf.d47eb7ce9db7e345cf03c77328938f71.jpg</filename>
	<path>20210907_153931_x264_mp4-1082_jpg.rf.d47eb7ce9db7e345cf03c77328938f71.jpg</path>
	<source>
		<database>roboflow.com</database>
	</source>
	<size>
		<width>640</width>
		<height>640</height>
		<depth>3</depth>
	</size>
	<segmented>0</segmented>
	<object>
		<name>Weeds</name>
		<pose>Unspecified</pose>
		<truncated>0</truncated>
		<difficult>0</difficult>
		<occluded>0</occluded>
		<bndbox>
			<xmin>215</xmin>
			<xmax>526</xmax>
			<ymin>186</ymin>
			<ymax>501</ymax>
		</bndbox>
	</object>
</annotation>
