<annotation>
	<folder></folder>
	<filename>20210907_153931_x264_mp4-1546_jpg.rf.d6443d81f2aeb9864e42b8fb2f37ae1a.jpg</filename>
	<path>20210907_153931_x264_mp4-1546_jpg.rf.d6443d81f2aeb9864e42b8fb2f37ae1a.jpg</path>
	<source>
		<database>roboflow.com</database>
	</source>
	<size>
		<width>640</width>
		<height>640</height>
		<depth>3</depth>
	</size>
	<segmented>0</segmented>
	<object>
		<name>Weeds</name>
		<pose>Unspecified</pose>
		<truncated>0</truncated>
		<difficult>0</difficult>
		<occluded>0</occluded>
		<bndbox>
			<xmin>3</xmin>
			<xmax>547</xmax>
			<ymin>397</ymin>
			<ymax>640</ymax>
		</bndbox>
	</object>
	<object>
		<name>Weeds</name>
		<pose>Unspecified</pose>
		<truncated>0</truncated>
		<difficult>0</difficult>
		<occluded>0</occluded>
		<bndbox>
			<xmin>14</xmin>
			<xmax>640</xmax>
			<ymin>1</ymin>
			<ymax>489</ymax>
		</bndbox>
	</object>
	<object>
		<name>Weeds</name>
		<pose>Unspecified</pose>
		<truncated>0</truncated>
		<difficult>0</difficult>
		<occluded>0</occluded>
		<bndbox>
			<xmin>1</xmin>
			<xmax>181</xmax>
			<ymin>100</ymin>
			<ymax>640</ymax>
		</bndbox>
	</object>
</annotation>
