<annotation>
	<folder></folder>
	<filename>20210907_153931_x264_mp4-392_jpg.rf.8dc7c194754473621f4d7bcd367a2889.jpg</filename>
	<path>20210907_153931_x264_mp4-392_jpg.rf.8dc7c194754473621f4d7bcd367a2889.jpg</path>
	<source>
		<database>roboflow.com</database>
	</source>
	<size>
		<width>640</width>
		<height>640</height>
		<depth>3</depth>
	</size>
	<segmented>0</segmented>
	<object>
		<name>Weeds</name>
		<pose>Unspecified</pose>
		<truncated>0</truncated>
		<difficult>0</difficult>
		<occluded>0</occluded>
		<bndbox>
			<xmin>253</xmin>
			<xmax>458</xmax>
			<ymin>213</ymin>
			<ymax>386</ymax>
		</bndbox>
	</object>
</annotation>
